2015-04-04 16:52:30.075+0000 INFO  [org.neo4j]: --- INITIALIZED diagnostics START ---
2015-04-04 16:52:30.075+0000 INFO  [org.neo4j]: Neo4j Kernel properties:
    neostore.propertystore.db.mapped_memory=107M
    neostore.nodestore.db.mapped_memory=29M
    neostore.relationshipstore.db.mapped_memory=131M
    neostore.propertystore.db.strings.mapped_memory=91M
    store_dir=./db/tenant/firstTenant
    neostore.propertystore.db.arrays.mapped_memory=103M
    ephemeral=false
2015-04-04 16:52:30.077+0000 INFO  [org.neo4j]: Diagnostics providers:
    org.neo4j.kernel.configuration.Config
    org.neo4j.kernel.info.DiagnosticsManager
    SYSTEM_MEMORY
    JAVA_MEMORY
    OPERATING_SYSTEM
    JAVA_VIRTUAL_MACHINE
    CLASSPATH
    LIBRARY_PATH
    SYSTEM_PROPERTIES
    NETWORK
2015-04-04 16:52:30.078+0000 INFO  [org.neo4j]: System memory information:
    Total Physical memory: 7.70 GB
    Free Physical memory: 3.87 GB
    Committed virtual memory: 499.62 MB
    Total swap space: 15.41 GB
    Free swap space: 9.91 GB
2015-04-04 16:52:30.085+0000 INFO  [org.neo4j]: JVM memory information:
    Free  memory: 141.68 MB
    Total memory: 217.50 MB
    Max   memory: 1.71 GB
    Garbage Collector: PS Scavenge: [PS Eden Space, PS Survivor Space]
    Garbage Collector: PS MarkSweep: [PS Eden Space, PS Survivor Space, PS Old Gen, PS Perm Gen]
    Memory Pool: Code Cache (Non-heap memory): committed=2.44 MB, used=1.68 MB, max=48.00 MB, threshold=0.00 B
    Memory Pool: PS Eden Space (Heap memory): committed=122.50 MB, used=53.65 MB, max=631.50 MB, threshold=?
    Memory Pool: PS Survivor Space (Heap memory): committed=13.00 MB, used=10.23 MB, max=13.00 MB, threshold=?
    Memory Pool: PS Old Gen (Heap memory): committed=82.00 MB, used=11.94 MB, max=1.29 GB, threshold=0.00 B
    Memory Pool: PS Perm Gen (Non-heap memory): committed=27.50 MB, used=27.11 MB, max=82.00 MB, threshold=0.00 B
2015-04-04 16:52:30.100+0000 INFO  [org.neo4j]: Operating system information:
    Operating System: Windows 7; version: 6.1; arch: amd64; cpus: 4
    Process id: 5096@manosahu-lap
    Byte order: LITTLE_ENDIAN
    Local timezone: Asia/Calcutta
2015-04-04 16:52:30.102+0000 INFO  [org.neo4j]: JVM information:
    VM Name: Java HotSpot(TM) 64-Bit Server VM
    VM Vendor: Oracle Corporation
    VM Version: 24.51-b03
    JIT compiler: HotSpot 64-Bit Tiered Compilers
    VM Arguments: [-Xdebug, -Xrunjdwp:transport=dt_socket,server=n,address=52770]
2015-04-04 16:52:30.102+0000 INFO  [org.neo4j]: Java classpath:
     [loader.1] file:/C:/Program%20Files/Java/jdk1.7.0_51/jre/lib/ext/sunec.jar
     [classpath] C:\Users\manosahu.ORADEV\.m2\repository\org\apache\maven\surefire\surefire-testng-utils\2.8.1\surefire-testng-utils-2.8.1.jar
     [loader.1] file:/C:/Program%20Files/Java/jdk1.7.0_51/jre/lib/ext/jaccess.jar
     [classpath] C:\Users\manosahu.ORADEV\.m2\repository\org\neo4j\neo4j-cypher\1.9\neo4j-cypher-1.9.jar
     [classpath] C:\Users\manosahu.ORADEV\.m2\repository\org\springframework\data\spring-data-neo4j\2.2.0.RELEASE\spring-data-neo4j-2.2.0.RELEASE.jar
     [classpath] C:\Users\manosahu.ORADEV\.m2\repository\org\apache\ant\ant-compress\1.2\ant-compress-1.2.jar
     [classpath] C:\Users\manosahu.ORADEV\.m2\repository\org\slf4j\jcl-over-slf4j\1.7.1\jcl-over-slf4j-1.7.1.jar
     [loader.0] file:/D:/gitn/impensa/impensa-code/impensa-service/target/surefire/surefirebooter49855952202164280.jar
     [classpath] C:\Users\manosahu.ORADEV\.m2\repository\org\yaml\snakeyaml\1.6\snakeyaml-1.6.jar
     [classpath] D:\gitn\impensa\impensa-code\impensa-service\target\test-classes
     [classpath] C:\Users\manosahu.ORADEV\.m2\repository\org\apache\geronimo\specs\geronimo-jta_1.1_spec\1.1.1\geronimo-jta_1.1_spec-1.1.1.jar
     [bootstrap] C:\Program Files\Java\jdk1.7.0_51\jre\lib\jsse.jar
     [bootstrap] C:\Program Files\Java\jdk1.7.0_51\jre\lib\jfr.jar
     [bootstrap] C:\Program Files\Java\jdk1.7.0_51\jre\lib\sunrsasign.jar
     [classpath] C:\Users\manosahu.ORADEV\.m2\repository\org\neo4j\neo4j-lucene-index\1.9\neo4j-lucene-index-1.9.jar
     [classpath] C:\Users\manosahu.ORADEV\.m2\repository\org\springframework\spring-core\3.2.1.RELEASE\spring-core-3.2.1.RELEASE.jar
     [classpath] C:\Users\manosahu.ORADEV\.m2\repository\org\tukaani\xz\1.0\xz-1.0.jar
     [classpath] C:\Users\manosahu.ORADEV\.m2\repository\org\aspectj\aspectjweaver\1.6.11\aspectjweaver-1.6.11.jar
     [classpath] C:\Users\manosahu.ORADEV\.m2\repository\commons-logging\commons-logging\1.1.1\commons-logging-1.1.1.jar
     [classpath] C:\Users\manosahu.ORADEV\.m2\repository\org\apache\lucene\lucene-core\3.6.2\lucene-core-3.6.2.jar
     [classpath] C:\Users\manosahu.ORADEV\.m2\repository\com\google\guava\guava\11.0.2\guava-11.0.2.jar
     [classpath] C:\Users\manosahu.ORADEV\.m2\repository\org\testng\testng\6.5.2\testng-6.5.2.jar
     [classpath] C:\Users\manosahu.ORADEV\.m2\repository\org\apache\poi\poi\3.10-FINAL\poi-3.10-FINAL.jar
     [loader.1] file:/C:/Program%20Files/Java/jdk1.7.0_51/jre/lib/ext/localedata.jar
     [classpath] C:\Users\manosahu.ORADEV\.m2\repository\org\apache\ant\ant\1.9.4\ant-1.9.4.jar
     [classpath] C:\Users\manosahu.ORADEV\.m2\repository\asm\asm\3.3.1\asm-3.3.1.jar
     [classpath] C:\Users\manosahu.ORADEV\.m2\repository\cglib\cglib\2.2.2\cglib-2.2.2.jar
     [classpath] C:\Users\manosahu.ORADEV\.m2\repository\org\apache\ant\ant-launcher\1.9.4\ant-launcher-1.9.4.jar
     [classpath] D:\gitn\impensa\impensa-code\impensa-service\target\classes
     [classpath] C:\Users\manosahu.ORADEV\.m2\repository\org\commons\commons-util\15.01\commons-util-15.01.jar
     [loader.1] file:/C:/Program%20Files/Java/jdk1.7.0_51/jre/lib/ext/sunjce_provider.jar
     [loader.1] file:/C:/Program%20Files/Java/jdk1.7.0_51/jre/lib/ext/dnsns.jar
     [classpath] C:\Users\manosahu.ORADEV\.m2\repository\commons-io\commons-io\2.4\commons-io-2.4.jar
     [classpath] C:\Users\manosahu.ORADEV\.m2\repository\com\beust\jcommander\1.12\jcommander-1.12.jar
     [classpath] C:\Users\manosahu.ORADEV\.m2\repository\org\neo4j\neo4j-cypher-dsl\1.9.M04\neo4j-cypher-dsl-1.9.M04.jar
     [bootstrap] C:\Program Files\Java\jdk1.7.0_51\jre\lib\charsets.jar
     [classpath] C:\Users\manosahu.ORADEV\.m2\repository\org\reflections\reflections\0.9.9-RC1\reflections-0.9.9-RC1.jar
     [classpath] C:\Users\manosahu.ORADEV\.m2\repository\org\springframework\spring-context\3.2.1.RELEASE\spring-context-3.2.1.RELEASE.jar
     [classpath] C:\Users\manosahu.ORADEV\.m2\repository\org\scala-lang\scala-library\2.10.0\scala-library-2.10.0.jar
     [classpath] C:\Users\manosahu.ORADEV\.m2\repository\log4j\log4j\1.2.14\log4j-1.2.14.jar
     [classpath] C:\Users\manosahu.ORADEV\.m2\repository\org\neo4j\neo4j\1.9\neo4j-1.9.jar
     [bootstrap] C:\Program Files\Java\jdk1.7.0_51\jre\lib\resources.jar
     [classpath] C:\Users\manosahu.ORADEV\.m2\repository\javax\validation\validation-api\1.1.0.Final\validation-api-1.1.0.Final.jar
     [classpath] C:\Users\manosahu.ORADEV\.m2\repository\org\javassist\javassist\3.16.1-GA\javassist-3.16.1-GA.jar
     [loader.1] file:/C:/Program%20Files/Java/jdk1.7.0_51/jre/lib/ext/access-bridge-64.jar
     [classpath] C:\Users\manosahu.ORADEV\.m2\repository\org\aspectj\aspectjrt\1.6.11\aspectjrt-1.6.11.jar
     [classpath] C:\Users\manosahu.ORADEV\.m2\repository\org\springframework\spring-aspects\3.1.4.RELEASE\spring-aspects-3.1.4.RELEASE.jar
     [classpath] C:\Users\manosahu.ORADEV\.m2\repository\org\neo4j\neo4j-kernel\1.9\neo4j-kernel-1.9-tests.jar
     [classpath] C:\Users\manosahu.ORADEV\.m2\repository\org\springframework\spring-expression\3.1.4.RELEASE\spring-expression-3.1.4.RELEASE.jar
     [bootstrap] C:\Program Files\Java\jdk1.7.0_51\jre\lib\rt.jar
     [classpath] C:\Users\manosahu.ORADEV\.m2\repository\org\springframework\spring-test\3.2.1.RELEASE\spring-test-3.2.1.RELEASE.jar
     [classpath] C:\Users\manosahu.ORADEV\.m2\repository\org\apache\commons\commons-compress\1.4\commons-compress-1.4.jar
     [bootstrap] C:\Program Files\Java\jdk1.7.0_51\jre\lib\jce.jar
     [classpath] C:\Users\manosahu.ORADEV\.m2\repository\org\neo4j\neo4j-kernel\1.9\neo4j-kernel-1.9.jar
     [classpath] C:\Users\manosahu.ORADEV\.m2\repository\org\springframework\spring-context-support\3.1.4.RELEASE\spring-context-support-3.1.4.RELEASE.jar
     [classpath] C:\Users\manosahu.ORADEV\.m2\repository\org\beanshell\bsh\2.0b4\bsh-2.0b4.jar
     [classpath] C:\Users\manosahu.ORADEV\.m2\repository\xml-apis\xml-apis\1.0.b2\xml-apis-1.0.b2.jar
     [loader.1] file:/C:/Program%20Files/Java/jdk1.7.0_51/jre/lib/ext/sunmscapi.jar
     [classpath] C:\Users\manosahu.ORADEV\.m2\repository\org\neo4j\neo4j-graph-matching\1.9\neo4j-graph-matching-1.9.jar
     [classpath] C:\Users\manosahu.ORADEV\.m2\repository\org\neo4j\neo4j-graph-algo\1.9\neo4j-graph-algo-1.9.jar
     [classpath] C:\Users\manosahu.ORADEV\.m2\repository\org\springframework\spring-beans\3.2.1.RELEASE\spring-beans-3.2.1.RELEASE.jar
     [classpath] C:\Users\manosahu.ORADEV\.m2\repository\org\springframework\data\spring-data-commons\1.5.0.RELEASE\spring-data-commons-1.5.0.RELEASE.jar
     [classpath] C:\Users\manosahu.ORADEV\.m2\repository\aopalliance\aopalliance\1.0\aopalliance-1.0.jar
     [classpath] C:\Users\manosahu.ORADEV\.m2\repository\org\hamcrest\hamcrest-core\1.3\hamcrest-core-1.3.jar
     [classpath] C:\Users\manosahu.ORADEV\.m2\repository\org\springframework\data\spring-data-neo4j-aspects\3.2.2.RELEASE\spring-data-neo4j-aspects-3.2.2.RELEASE.jar
     [classpath] C:\Users\manosahu.ORADEV\.m2\repository\dom4j\dom4j\1.6.1\dom4j-1.6.1.jar
     [classpath] C:\Users\manosahu.ORADEV\.m2\repository\com\google\code\findbugs\jsr305\1.3.9\jsr305-1.3.9.jar
     [classpath] C:\Users\manosahu.ORADEV\.m2\repository\com\googlecode\concurrentlinkedhashmap\concurrentlinkedhashmap-lru\1.3.1\concurrentlinkedhashmap-lru-1.3.1.jar
     [classpath] C:\Users\manosahu.ORADEV\.m2\repository\org\neo4j\neo4j-jmx\1.9\neo4j-jmx-1.9.jar
     [classpath] C:\Users\manosahu.ORADEV\.m2\repository\org\springframework\spring-tx\3.1.4.RELEASE\spring-tx-3.1.4.RELEASE.jar
     [loader.1] file:/C:/Program%20Files/Java/jdk1.7.0_51/jre/lib/ext/zipfs.jar
     [classpath] C:\Users\manosahu.ORADEV\.m2\repository\org\springframework\spring-aop\3.2.1.RELEASE\spring-aop-3.2.1.RELEASE.jar
     [classpath] C:\Users\manosahu.ORADEV\.m2\repository\junit\junit\4.11\junit-4.11.jar
     [bootstrap] C:\Program Files\Java\jdk1.7.0_51\jre\classes
     [classpath] C:\Users\manosahu.ORADEV\.m2\repository\commons-codec\commons-codec\1.5\commons-codec-1.5.jar
     [classpath] C:\Users\manosahu.ORADEV\.m2\repository\org\neo4j\neo4j-udc\1.9\neo4j-udc-1.9.jar
     [classpath] C:\Users\manosahu.ORADEV\.m2\repository\org\slf4j\slf4j-api\1.7.1\slf4j-api-1.7.1.jar
2015-04-04 16:52:30.184+0000 INFO  [org.neo4j]: Library path:
    C:\Program Files\Java\jdk1.7.0_51\jre\bin
    C:\Windows\Sun\Java\bin
    C:\Windows\System32
    C:\Windows
    C:\Python34
    C:\Python34\Scripts
    C:\ProgramData\Oracle\Java\javapath
    D:\orcl\app\oracle\product\10.2.0\server\BIN
    C:\Windows\System32
    C:\Windows
    C:\Windows\System32\wbem
    C:\Windows\System32\WindowsPowerShell\v1.0
    D:\svn\bin
    D:\software
    C:\Program Files (x86)\Git\cmd
    C:\Program Files (x86)\Git\bin
    C:\Program Files (x86)\gnuplot\bin
    C:\Program Files\nodejs
    C:\Program Files\NetBeans 8.0.1\java\maven\bin
    C:\Users\manosahu.ORADEV\AppData\Roaming\npm
    D:\gitn\impensa\impensa-code\impensa-service
2015-04-04 16:52:30.194+0000 INFO  [org.neo4j]: System.properties:
    sun.boot.library.path = C:\Program Files\Java\jdk1.7.0_51\jre\bin
    path.separator = ;
    file.encoding.pkg = sun.io
    user.country = US
    user.script = 
    sun.java.launcher = SUN_STANDARD
    sun.os.patch.level = Service Pack 1
    test = org.impensa.dao.tenant.TenantDAONGTest
    user.dir = D:\gitn\impensa\impensa-code\impensa-service
    basedir = D:\gitn\impensa\impensa-code\impensa-service
    surefire.real.class.path = D:\gitn\impensa\impensa-code\impensa-service\target\surefire\surefirebooter49855952202164280.jar
    user.variant = 
    maven.ext.class.path = C:\Program Files\NetBeans 8.0.2\java\maven-nblib\netbeans-eventspy.jar
    sun.jnu.encoding = Cp1252
    surefire.test.class.path = D:\gitn\impensa\impensa-code\impensa-service\target\test-classes;D:\gitn\impensa\impensa-code\impensa-service\target\classes;C:\Users\manosahu.ORADEV\.m2\repository\org\springframework\spring-aop\3.2.1.RELEASE\spring-aop-3.2.1.RELEASE.jar;C:\Users\manosahu.ORADEV\.m2\repository\aopalliance\aopalliance\1.0\aopalliance-1.0.jar;C:\Users\manosahu.ORADEV\.m2\repository\org\springframework\spring-beans\3.2.1.RELEASE\spring-beans-3.2.1.RELEASE.jar;C:\Users\manosahu.ORADEV\.m2\repository\org\aspectj\aspectjrt\1.6.11\aspectjrt-1.6.11.jar;C:\Users\manosahu.ORADEV\.m2\repository\org\aspectj\aspectjweaver\1.6.11\aspectjweaver-1.6.11.jar;C:\Users\manosahu.ORADEV\.m2\repository\org\testng\testng\6.5.2\testng-6.5.2.jar;C:\Users\manosahu.ORADEV\.m2\repository\org\beanshell\bsh\2.0b4\bsh-2.0b4.jar;C:\Users\manosahu.ORADEV\.m2\repository\com\beust\jcommander\1.12\jcommander-1.12.jar;C:\Users\manosahu.ORADEV\.m2\repository\org\yaml\snakeyaml\1.6\snakeyaml-1.6.jar;C:\Users\manosahu.ORADEV\.m2\repository\org\commons\commons-util\15.01\commons-util-15.01.jar;C:\Users\manosahu.ORADEV\.m2\repository\commons-io\commons-io\2.4\commons-io-2.4.jar;C:\Users\manosahu.ORADEV\.m2\repository\commons-logging\commons-logging\1.1.1\commons-logging-1.1.1.jar;C:\Users\manosahu.ORADEV\.m2\repository\log4j\log4j\1.2.14\log4j-1.2.14.jar;C:\Users\manosahu.ORADEV\.m2\repository\org\apache\ant\ant-compress\1.2\ant-compress-1.2.jar;C:\Users\manosahu.ORADEV\.m2\repository\org\apache\ant\ant\1.9.4\ant-1.9.4.jar;C:\Users\manosahu.ORADEV\.m2\repository\org\apache\ant\ant-launcher\1.9.4\ant-launcher-1.9.4.jar;C:\Users\manosahu.ORADEV\.m2\repository\org\apache\commons\commons-compress\1.4\commons-compress-1.4.jar;C:\Users\manosahu.ORADEV\.m2\repository\org\tukaani\xz\1.0\xz-1.0.jar;C:\Users\manosahu.ORADEV\.m2\repository\org\springframework\spring-context\3.2.1.RELEASE\spring-context-3.2.1.RELEASE.jar;C:\Users\manosahu.ORADEV\.m2\repository\org\reflections\reflections\0.9.9-RC1\reflections-0.9.9-RC1.jar;C:\Users\manosahu.ORADEV\.m2\repository\com\google\guava\guava\11.0.2\guava-11.0.2.jar;C:\Users\manosahu.ORADEV\.m2\repository\com\google\code\findbugs\jsr305\1.3.9\jsr305-1.3.9.jar;C:\Users\manosahu.ORADEV\.m2\repository\org\javassist\javassist\3.16.1-GA\javassist-3.16.1-GA.jar;C:\Users\manosahu.ORADEV\.m2\repository\dom4j\dom4j\1.6.1\dom4j-1.6.1.jar;C:\Users\manosahu.ORADEV\.m2\repository\xml-apis\xml-apis\1.0.b2\xml-apis-1.0.b2.jar;C:\Users\manosahu.ORADEV\.m2\repository\org\apache\poi\poi\3.10-FINAL\poi-3.10-FINAL.jar;C:\Users\manosahu.ORADEV\.m2\repository\commons-codec\commons-codec\1.5\commons-codec-1.5.jar;C:\Users\manosahu.ORADEV\.m2\repository\org\springframework\spring-core\3.2.1.RELEASE\spring-core-3.2.1.RELEASE.jar;C:\Users\manosahu.ORADEV\.m2\repository\org\springframework\data\spring-data-neo4j\2.2.0.RELEASE\spring-data-neo4j-2.2.0.RELEASE.jar;C:\Users\manosahu.ORADEV\.m2\repository\org\springframework\spring-tx\3.1.4.RELEASE\spring-tx-3.1.4.RELEASE.jar;C:\Users\manosahu.ORADEV\.m2\repository\org\springframework\spring-aspects\3.1.4.RELEASE\spring-aspects-3.1.4.RELEASE.jar;C:\Users\manosahu.ORADEV\.m2\repository\org\springframework\spring-context-support\3.1.4.RELEASE\spring-context-support-3.1.4.RELEASE.jar;C:\Users\manosahu.ORADEV\.m2\repository\org\springframework\spring-expression\3.1.4.RELEASE\spring-expression-3.1.4.RELEASE.jar;C:\Users\manosahu.ORADEV\.m2\repository\org\springframework\data\spring-data-commons\1.5.0.RELEASE\spring-data-commons-1.5.0.RELEASE.jar;C:\Users\manosahu.ORADEV\.m2\repository\org\slf4j\slf4j-api\1.7.1\slf4j-api-1.7.1.jar;C:\Users\manosahu.ORADEV\.m2\repository\org\slf4j\jcl-over-slf4j\1.7.1\jcl-over-slf4j-1.7.1.jar;C:\Users\manosahu.ORADEV\.m2\repository\org\neo4j\neo4j\1.9\neo4j-1.9.jar;C:\Users\manosahu.ORADEV\.m2\repository\org\neo4j\neo4j-kernel\1.9\neo4j-kernel-1.9.jar;C:\Users\manosahu.ORADEV\.m2\repository\org\neo4j\neo4j-lucene-index\1.9\neo4j-lucene-index-1.9.jar;C:\Users\manosahu.ORADEV\.m2\repository\org\apache\lucene\lucene-core\3.6.2\lucene-core-3.6.2.jar;C:\Users\manosahu.ORADEV\.m2\repository\org\neo4j\neo4j-graph-algo\1.9\neo4j-graph-algo-1.9.jar;C:\Users\manosahu.ORADEV\.m2\repository\org\neo4j\neo4j-udc\1.9\neo4j-udc-1.9.jar;C:\Users\manosahu.ORADEV\.m2\repository\org\neo4j\neo4j-graph-matching\1.9\neo4j-graph-matching-1.9.jar;C:\Users\manosahu.ORADEV\.m2\repository\org\neo4j\neo4j-jmx\1.9\neo4j-jmx-1.9.jar;C:\Users\manosahu.ORADEV\.m2\repository\org\neo4j\neo4j-cypher\1.9\neo4j-cypher-1.9.jar;C:\Users\manosahu.ORADEV\.m2\repository\org\scala-lang\scala-library\2.10.0\scala-library-2.10.0.jar;C:\Users\manosahu.ORADEV\.m2\repository\com\googlecode\concurrentlinkedhashmap\concurrentlinkedhashmap-lru\1.3.1\concurrentlinkedhashmap-lru-1.3.1.jar;C:\Users\manosahu.ORADEV\.m2\repository\org\neo4j\neo4j-cypher-dsl\1.9.M04\neo4j-cypher-dsl-1.9.M04.jar;C:\Users\manosahu.ORADEV\.m2\repository\org\neo4j\neo4j-kernel\1.9\neo4j-kernel-1.9-tests.jar;C:\Users\manosahu.ORADEV\.m2\repository\org\apache\geronimo\specs\geronimo-jta_1.1_spec\1.1.1\geronimo-jta_1.1_spec-1.1.1.jar;C:\Users\manosahu.ORADEV\.m2\repository\org\springframework\data\spring-data-neo4j-aspects\3.2.2.RELEASE\spring-data-neo4j-aspects-3.2.2.RELEASE.jar;C:\Users\manosahu.ORADEV\.m2\repository\junit\junit\4.11\junit-4.11.jar;C:\Users\manosahu.ORADEV\.m2\repository\org\hamcrest\hamcrest-core\1.3\hamcrest-core-1.3.jar;C:\Users\manosahu.ORADEV\.m2\repository\org\springframework\spring-test\3.2.1.RELEASE\spring-test-3.2.1.RELEASE.jar;C:\Users\manosahu.ORADEV\.m2\repository\cglib\cglib\2.2.2\cglib-2.2.2.jar;C:\Users\manosahu.ORADEV\.m2\repository\asm\asm\3.3.1\asm-3.3.1.jar;C:\Users\manosahu.ORADEV\.m2\repository\javax\validation\validation-api\1.1.0.Final\validation-api-1.1.0.Final.jar;C:\Users\manosahu.ORADEV\.m2\repository\org\apache\maven\surefire\surefire-testng-utils\2.8.1\surefire-testng-utils-2.8.1.jar;
    sun.management.compiler = HotSpot 64-Bit Tiered Compilers
    jpda.listen = true
    jpda.address = 52770
    user.home = C:\Users\manosahu.ORADEV
    user.timezone = Asia/Calcutta
    file.encoding = Cp1252
    user.name = manosahu
    maven.surefire.debug = -Xdebug -Xrunjdwp:transport=dt_socket,server=n,address=52770
    sun.java.command = D:\gitn\impensa\impensa-code\impensa-service\target\surefire\surefirebooter49855952202164280.jar D:\gitn\impensa\impensa-code\impensa-service\target\surefire\surefire9037932085377950000tmp D:\gitn\impensa\impensa-code\impensa-service\target\surefire\surefire9116999951399711801tmp
    sun.arch.data.model = 64
    user.language = en
    awt.toolkit = sun.awt.windows.WToolkit
    localRepository = C:\Users\manosahu.ORADEV\.m2\repository
    file.separator = \
    forkMode = once
    sun.io.unicode.encoding = UnicodeLittle
    sun.cpu.endian = little
    sun.desktop = windows
    sun.cpu.isalist = amd64
2015-04-04 16:52:30.197+0000 INFO  [org.neo4j]: Network information:
    Interface Software Loopback Interface 1:
        address: 127.0.0.1
        address: 0:0:0:0:0:0:0:1
    Interface WAN Miniport (SSTP):
    Interface WAN Miniport (L2TP):
    Interface WAN Miniport (PPTP):
    Interface WAN Miniport (PPPOE):
    Interface WAN Miniport (IPv6):
    Interface WAN Miniport (Network Monitor):
    Interface WAN Miniport (IP):
    Interface RAS Async Adapter:
    Interface WAN Miniport (IKEv2):
    Interface McAfee NDIS Intermediate Filter Miniport:
    Interface McAfee NDIS Intermediate Filter Miniport:
    Interface McAfee NDIS Intermediate Filter Miniport:
    Interface Intel(R) 82579LM Gigabit Network Connection:
    Interface Intel(R) 82579LM Gigabit Network Connection - McAfee NDIS Intermediate Filter Miniport:
    Interface Intel(R) Centrino(R) Advanced-N 6205:
    Interface Bluetooth Device (Personal Area Network):
    Interface Bluetooth Device (RFCOMM Protocol TDI):
    Interface Intel(R) Centrino(R) Advanced-N 6205 - McAfee NDIS Intermediate Filter Miniport:
    Interface null:
    Interface Cisco Systems VPN Adapter for 64-bit Windows:
    Interface null:
    Interface null:
    Interface Microsoft Virtual WiFi Miniport Adapter:
    Interface null:
    Interface null:
    Interface null:
    Interface null:
    Interface null:
    Interface null:
    Interface null:
    Interface null:
    Interface null:
    Interface null:
    Interface null:
    Interface null:
    Interface null:
    Interface null:
    Interface null:
    Interface null:
    Interface HSPADataCard USB Ethernet Driver (NDIS 6.20):
    Interface null:
    Interface null:
    Interface null:
    Interface null:
    Interface null:
    Interface null:
    Interface null:
    Interface null:
    Interface Wireless Ethernet Adapter FFE9:
    Interface null:
    Interface null:
    Interface null:
    Interface null:
    Interface null:
    Interface null:
    Interface null:
    Interface Cisco AnyConnect Secure Mobility Client Virtual Miniport Adapter for Windows x64:
    Interface null:
    Interface null:
    Interface null:
    Interface null:
    Interface null:
    Interface null:
    Interface null:
    Interface null:
    Interface null:
    Interface VirtualBox Host-Only Ethernet Adapter:
        address: 192.168.56.1
    Interface null:
    Interface null:
    Interface null:
    Interface null:
    Interface null:
    Interface null:
    Interface null:
    Interface null:
    Interface null:
    Interface null:
    Interface null:
    Interface null:
    Interface HSPADataCard USB Ethernet Driver (NDIS 6.20) - VirtualBox Bridged Networking Driver Miniport:
    Interface null:
    Interface null:
    Interface Cisco Systems VPN Adapter for 64-bit Windows - VirtualBox Bridged Networking Driver Miniport:
    Interface null:
    Interface Intel(R) 82579LM Gigabit Network Connection - VirtualBox Bridged Networking Driver Miniport:
    Interface Intel(R) Centrino(R) Advanced-N 6205 - VirtualBox Bridged Networking Driver Miniport:
    Interface Microsoft Virtual WiFi Miniport Adapter - VirtualBox Bridged Networking Driver Miniport:
    Interface Cisco AnyConnect Secure Mobility Client Virtual Miniport Adapter for Windows x64 - VirtualBox Bridged Networking Driver Miniport:
    Interface Intel(R) Centrino(R) Advanced-N 6205-Virtual WiFi Filter Driver-0000:
    Interface WAN Miniport (Network Monitor)-QoS Packet Scheduler-0000:
    Interface WAN Miniport (IP)-Deterministic Network Enhancer-0000:
    Interface WAN Miniport (IP)-QoS Packet Scheduler-0000:
    Interface WAN Miniport (IPv6)-Deterministic Network Enhancer-0000:
    Interface WAN Miniport (IPv6)-QoS Packet Scheduler-0000:
    Interface VirtualBox Host-Only Ethernet Adapter-Deterministic Network Enhancer-0000:
    Interface VirtualBox Host-Only Ethernet Adapter-QoS Packet Scheduler-0000:
    Interface VirtualBox Host-Only Ethernet Adapter-WFP LightWeight Filter-0000:
    Interface Intel(R) 82579LM Gigabit Network Connection - VirtualBox Bridged Networking Driver Miniport-Deterministic Network Enhancer-0000:
    Interface Intel(R) 82579LM Gigabit Network Connection - VirtualBox Bridged Networking Driver Miniport-QoS Packet Scheduler-0000:
    Interface Intel(R) 82579LM Gigabit Network Connection - VirtualBox Bridged Networking Driver Miniport-WFP LightWeight Filter-0000:
    Interface Intel(R) Centrino(R) Advanced-N 6205-Native WiFi Filter Driver-0000:
    Interface Microsoft Virtual WiFi Miniport Adapter - VirtualBox Bridged Networking Driver Miniport-Deterministic Network Enhancer-0000:
    Interface Microsoft Virtual WiFi Miniport Adapter - VirtualBox Bridged Networking Driver Miniport-QoS Packet Scheduler-0000:
    Interface Microsoft Virtual WiFi Miniport Adapter - VirtualBox Bridged Networking Driver Miniport-WFP LightWeight Filter-0000:
    Interface Microsoft Virtual WiFi Miniport Adapter-Native WiFi Filter Driver-0000:
    Interface Intel(R) Centrino(R) Advanced-N 6205 - VirtualBox Bridged Networking Driver Miniport-Deterministic Network Enhancer-0000:
    Interface Intel(R) Centrino(R) Advanced-N 6205 - VirtualBox Bridged Networking Driver Miniport-QoS Packet Scheduler-0000:
    Interface Intel(R) Centrino(R) Advanced-N 6205 - VirtualBox Bridged Networking Driver Miniport-WFP LightWeight Filter-0000:
    Interface Wireless Ethernet Adapter FFE9-Deterministic Network Enhancer-0000:
    Interface Reliance Netconnect+:
        address: 115.242.130.188
2015-04-04 16:52:30.809+0000 INFO  [org.neo4j]: --- INITIALIZED diagnostics END ---
2015-04-04 16:52:30.855+0000 INFO  [org.neo4j]: Creating new db @ .\db\tenant\firstTenant\neostore
2015-04-04 16:52:30.882+0000 INFO  [org.neo4j]: [.\db\tenant\firstTenant\neostore.nodestore.db] brickCount=0 brickSize=304083b mappedMem=30408704b (storeSize=0b)
2015-04-04 16:52:30.885+0000 INFO  [org.neo4j]: .\db\tenant\firstTenant\neostore.nodestore.db hit=1 miss=0 switches=0 ooe=0
2015-04-04 16:52:30.937+0000 INFO  [org.neo4j]: [.\db\tenant\firstTenant\neostore.relationshiptypestore.db.names] brickCount=0 brickSize=0b mappedMem=0b (storeSize=38b)
2015-04-04 16:52:30.945+0000 INFO  [org.neo4j]: [.\db\tenant\firstTenant\neostore.relationshiptypestore.db] brickCount=0 brickSize=0b mappedMem=0b (storeSize=0b)
2015-04-04 16:52:30.946+0000 INFO  [org.neo4j]: .\db\tenant\firstTenant\neostore.relationshiptypestore.db.names hit=0 miss=0 switches=0 ooe=0
2015-04-04 16:52:30.949+0000 INFO  [org.neo4j]: .\db\tenant\firstTenant\neostore.relationshiptypestore.db hit=0 miss=0 switches=0 ooe=0
2015-04-04 16:52:30.958+0000 INFO  [org.neo4j]: [.\db\tenant\firstTenant\neostore.relationshiptypestore.db.names] brickCount=0 brickSize=0b mappedMem=0b (storeSize=38b)
2015-04-04 16:52:30.965+0000 INFO  [org.neo4j]: [.\db\tenant\firstTenant\neostore.relationshiptypestore.db] brickCount=0 brickSize=0b mappedMem=0b (storeSize=0b)
2015-04-04 16:52:30.971+0000 INFO  [org.neo4j]: [.\db\tenant\firstTenant\neostore.propertystore.db.strings] brickCount=0 brickSize=95360b mappedMem=95420416b (storeSize=128b)
2015-04-04 16:52:30.977+0000 INFO  [org.neo4j]: [.\db\tenant\firstTenant\neostore.propertystore.db.index.keys] brickCount=0 brickSize=0b mappedMem=0b (storeSize=38b)
2015-04-04 16:52:30.984+0000 INFO  [org.neo4j]: [.\db\tenant\firstTenant\neostore.propertystore.db.index] brickCount=0 brickSize=0b mappedMem=0b (storeSize=0b)
2015-04-04 16:52:30.990+0000 INFO  [org.neo4j]: [.\db\tenant\firstTenant\neostore.propertystore.db.arrays] brickCount=0 brickSize=107904b mappedMem=108003328b (storeSize=128b)
2015-04-04 16:52:30.997+0000 INFO  [org.neo4j]: [.\db\tenant\firstTenant\neostore.propertystore.db] brickCount=0 brickSize=1121965b mappedMem=112197632b (storeSize=0b)
2015-04-04 16:52:31.005+0000 INFO  [org.neo4j]: [.\db\tenant\firstTenant\neostore.relationshipstore.db] brickCount=0 brickSize=1373625b mappedMem=137363456b (storeSize=0b)
2015-04-04 16:52:31.012+0000 INFO  [org.neo4j]: [.\db\tenant\firstTenant\neostore.nodestore.db] brickCount=0 brickSize=30402b mappedMem=30408704b (storeSize=9b)
2015-04-04 16:52:31.018+0000 INFO  [org.neo4j]: [.\db\tenant\firstTenant\neostore] brickCount=0 brickSize=0b mappedMem=0b (storeSize=0b)
2015-04-04 16:52:31.021+0000 INFO  [org.neo4j]: .\db\tenant\firstTenant\neostore.relationshiptypestore.db.names hit=0 miss=0 switches=0 ooe=0
2015-04-04 16:52:31.032+0000 INFO  [org.neo4j]: .\db\tenant\firstTenant\neostore.relationshiptypestore.db hit=0 miss=0 switches=0 ooe=0
2015-04-04 16:52:31.052+0000 INFO  [org.neo4j]: .\db\tenant\firstTenant\neostore.propertystore.db.strings hit=0 miss=0 switches=0 ooe=0
2015-04-04 16:52:31.060+0000 INFO  [org.neo4j]: .\db\tenant\firstTenant\neostore.propertystore.db.index.keys hit=0 miss=0 switches=0 ooe=0
2015-04-04 16:52:31.066+0000 INFO  [org.neo4j]: .\db\tenant\firstTenant\neostore.propertystore.db.index hit=0 miss=0 switches=0 ooe=0
2015-04-04 16:52:31.071+0000 INFO  [org.neo4j]: .\db\tenant\firstTenant\neostore.propertystore.db.arrays hit=0 miss=0 switches=0 ooe=0
2015-04-04 16:52:31.075+0000 INFO  [org.neo4j]: .\db\tenant\firstTenant\neostore.propertystore.db hit=0 miss=0 switches=0 ooe=0
2015-04-04 16:52:31.078+0000 INFO  [org.neo4j]: .\db\tenant\firstTenant\neostore.relationshipstore.db hit=0 miss=0 switches=0 ooe=0
2015-04-04 16:52:31.081+0000 INFO  [org.neo4j]: .\db\tenant\firstTenant\neostore.nodestore.db hit=0 miss=0 switches=0 ooe=0
2015-04-04 16:52:31.085+0000 INFO  [org.neo4j]: .\db\tenant\firstTenant\neostore hit=0 miss=8 switches=0 ooe=0
2015-04-04 16:52:31.094+0000 INFO  [org.neo4j]: [.\db\tenant\firstTenant\neostore.relationshiptypestore.db.names] brickCount=0 brickSize=0b mappedMem=0b (storeSize=38b)
2015-04-04 16:52:31.101+0000 INFO  [org.neo4j]: [.\db\tenant\firstTenant\neostore.relationshiptypestore.db] brickCount=0 brickSize=0b mappedMem=0b (storeSize=0b)
2015-04-04 16:52:31.108+0000 INFO  [org.neo4j]: [.\db\tenant\firstTenant\neostore.propertystore.db.strings] brickCount=0 brickSize=95360b mappedMem=95420416b (storeSize=128b)
2015-04-04 16:52:31.114+0000 INFO  [org.neo4j]: [.\db\tenant\firstTenant\neostore.propertystore.db.index.keys] brickCount=0 brickSize=0b mappedMem=0b (storeSize=38b)
2015-04-04 16:52:31.121+0000 INFO  [org.neo4j]: [.\db\tenant\firstTenant\neostore.propertystore.db.index] brickCount=0 brickSize=0b mappedMem=0b (storeSize=0b)
2015-04-04 16:52:31.130+0000 INFO  [org.neo4j]: [.\db\tenant\firstTenant\neostore.propertystore.db.arrays] brickCount=0 brickSize=107904b mappedMem=108003328b (storeSize=128b)
2015-04-04 16:52:31.137+0000 INFO  [org.neo4j]: [.\db\tenant\firstTenant\neostore.propertystore.db] brickCount=0 brickSize=1121965b mappedMem=112197632b (storeSize=0b)
2015-04-04 16:52:31.145+0000 INFO  [org.neo4j]: [.\db\tenant\firstTenant\neostore.relationshipstore.db] brickCount=0 brickSize=1373625b mappedMem=137363456b (storeSize=0b)
2015-04-04 16:52:31.152+0000 INFO  [org.neo4j]: [.\db\tenant\firstTenant\neostore.nodestore.db] brickCount=0 brickSize=30402b mappedMem=30408704b (storeSize=9b)
2015-04-04 16:52:31.158+0000 INFO  [org.neo4j]: [.\db\tenant\firstTenant\neostore] brickCount=0 brickSize=0b mappedMem=0b (storeSize=54b)
2015-04-04 16:52:31.159+0000 INFO  [org.neo4j]: Opened logical log [.\db\tenant\firstTenant\nioneo_logical.log.1] version=0, lastTxId=1 (clean)
2015-04-04 16:52:31.165+0000 INFO  [org.neo4j]: TM new log: tm_tx_log.1
2015-04-04 16:52:31.178+0000 INFO  [org.neo4j]: Opened logical log [.\db\tenant\firstTenant\index\lucene.log.1] version=0, lastTxId=1 (clean)
2015-04-04 16:52:31.181+0000 INFO  [org.neo4j]: --- STARTED diagnostics for KernelDiagnostics:Versions START ---
2015-04-04 16:52:31.182+0000 INFO  [org.neo4j]: Graph Database: org.neo4j.kernel.EmbeddedGraphDatabase StoreId[time:1428166350856, id:-6437818312152157523, store version: 13561656364791302]
2015-04-04 16:52:31.182+0000 INFO  [org.neo4j]: Kernel version: Neo4j - Graph Database Kernel 1.9
2015-04-04 16:52:31.182+0000 INFO  [org.neo4j]: Neo4j component versions:
2015-04-04 16:52:31.187+0000 INFO  [org.neo4j]:   Neo4j - Graph Database Kernel 1.9
2015-04-04 16:52:31.187+0000 INFO  [org.neo4j]: --- STARTED diagnostics for KernelDiagnostics:Versions END ---
2015-04-04 16:52:31.187+0000 INFO  [org.neo4j]: --- STARTED diagnostics for NEO_STORE_VERSIONS START ---
2015-04-04 16:52:31.188+0000 INFO  [org.neo4j]: Store versions:
    Store versions:
      NeoStore v0.A.0
      NodeStore v0.A.0
      RelationshipStore v0.A.0
      RelationshipTypeStore v0.A.0
      PropertyStore v0.A.0
      PropertyIndexStore v0.A.0
      StringPropertyStore v0.A.0
      ArrayPropertyStore v0.A.0
2015-04-04 16:52:31.188+0000 INFO  [org.neo4j]: --- STARTED diagnostics for NEO_STORE_VERSIONS END ---
2015-04-04 16:52:31.189+0000 INFO  [org.neo4j]: --- STARTED diagnostics for NEO_STORE_ID_USAGE START ---
2015-04-04 16:52:31.189+0000 INFO  [org.neo4j]: Id usage:
    Id usage:
      NodeStore: used=1 high=0
      RelationshipStore: used=0 high=-1
      RelationshipTypeStore: used=0 high=-1
      PropertyStore: used=0 high=-1
      PropertyIndexStore: used=0 high=-1
      StringPropertyStore: used=1 high=0
      ArrayPropertyStore: used=1 high=0
2015-04-04 16:52:31.191+0000 INFO  [org.neo4j]: --- STARTED diagnostics for NEO_STORE_ID_USAGE END ---
2015-04-04 16:52:31.192+0000 INFO  [org.neo4j]: --- STARTED diagnostics for PERSISTENCE_WINDOW_POOL_STATS START ---
2015-04-04 16:52:31.192+0000 INFO  [org.neo4j]: --- STARTED diagnostics for PERSISTENCE_WINDOW_POOL_STATS END ---
2015-04-04 16:52:31.192+0000 INFO  [org.neo4j]: --- STARTED diagnostics for KernelDiagnostics:StoreFiles START ---
2015-04-04 16:52:31.194+0000 INFO  [org.neo4j]: Disk space on partition (Total / Free / Free %): 246594662400 / 138158673920 / 56
Storage files: (filename : modification date - size)
      active_tx_log: 2015-04-04T22:22:31+0530 - 11.00 B
      index:
        lucene-store.db: 2015-04-04T22:22:31+0530 - 40.00 B
        lucene.log.1: 2015-04-04T22:22:31+0530 - 16.00 B
        lucene.log.active: 2015-04-04T22:22:31+0530 - 4.00 B
      - Total: 2015-04-04T22:22:31+0530 - 60.00 B
      lock: 2015-04-04T22:22:30+0530 - 0.00 B
      messages.log: 2015-04-04T22:22:30+0530 - 31.90 kB
      neostore: 2015-04-04T22:22:31+0530 - 54.00 B
      neostore.id: 2015-04-04T22:22:31+0530 - 9.00 B
      neostore.nodestore.db: 2015-04-04T22:22:31+0530 - 9.00 B
      neostore.nodestore.db.id: 2015-04-04T22:22:31+0530 - 9.00 B
      neostore.propertystore.db: 2015-04-04T22:22:31+0530 - 0.00 B
      neostore.propertystore.db.arrays: 2015-04-04T22:22:31+0530 - 128.00 B
      neostore.propertystore.db.arrays.id: 2015-04-04T22:22:31+0530 - 9.00 B
      neostore.propertystore.db.id: 2015-04-04T22:22:31+0530 - 9.00 B
      neostore.propertystore.db.index: 2015-04-04T22:22:31+0530 - 0.00 B
      neostore.propertystore.db.index.id: 2015-04-04T22:22:31+0530 - 9.00 B
      neostore.propertystore.db.index.keys: 2015-04-04T22:22:31+0530 - 38.00 B
      neostore.propertystore.db.index.keys.id: 2015-04-04T22:22:31+0530 - 9.00 B
      neostore.propertystore.db.strings: 2015-04-04T22:22:31+0530 - 128.00 B
      neostore.propertystore.db.strings.id: 2015-04-04T22:22:31+0530 - 9.00 B
      neostore.relationshipstore.db: 2015-04-04T22:22:31+0530 - 0.00 B
      neostore.relationshipstore.db.id: 2015-04-04T22:22:31+0530 - 9.00 B
      neostore.relationshiptypestore.db: 2015-04-04T22:22:31+0530 - 0.00 B
      neostore.relationshiptypestore.db.id: 2015-04-04T22:22:31+0530 - 9.00 B
      neostore.relationshiptypestore.db.names: 2015-04-04T22:22:31+0530 - 38.00 B
      neostore.relationshiptypestore.db.names.id: 2015-04-04T22:22:31+0530 - 9.00 B
      nioneo_logical.log.1: 2015-04-04T22:22:31+0530 - 16.00 B
      nioneo_logical.log.active: 2015-04-04T22:22:31+0530 - 4.00 B
      store_lock: 2015-04-04T22:22:30+0530 - 0.00 B
      tm_tx_log.1: 2015-04-04T22:22:31+0530 - 0.00 B
