2015-04-04 02:29:13.883+0000 INFO  [org.neo4j]: --- INITIALIZED diagnostics START ---
2015-04-04 02:29:13.883+0000 INFO  [org.neo4j]: Neo4j Kernel properties:
    neostore.propertystore.db.mapped_memory=107M
    neostore.nodestore.db.mapped_memory=29M
    neostore.relationshipstore.db.mapped_memory=131M
    neostore.propertystore.db.strings.mapped_memory=91M
    store_dir=./db/main/
    neostore.propertystore.db.arrays.mapped_memory=103M
    ephemeral=false
2015-04-04 02:29:13.883+0000 INFO  [org.neo4j]: Diagnostics providers:
    org.neo4j.kernel.configuration.Config
    org.neo4j.kernel.info.DiagnosticsManager
    SYSTEM_MEMORY
    JAVA_MEMORY
    OPERATING_SYSTEM
    JAVA_VIRTUAL_MACHINE
    CLASSPATH
    LIBRARY_PATH
    SYSTEM_PROPERTIES
    NETWORK
2015-04-04 02:29:13.883+0000 INFO  [org.neo4j]: System memory information:
    Total Physical memory: 7.70 GB
    Free Physical memory: 4.16 GB
    Committed virtual memory: 252.24 MB
    Total swap space: 15.41 GB
    Free swap space: 10.45 GB
2015-04-04 02:29:13.899+0000 INFO  [org.neo4j]: JVM memory information:
    Free  memory: 95.93 MB
    Total memory: 118.50 MB
    Max   memory: 1.71 GB
    Garbage Collector: PS Scavenge: [PS Eden Space, PS Survivor Space]
    Garbage Collector: PS MarkSweep: [PS Eden Space, PS Survivor Space, PS Old Gen, PS Perm Gen]
    Memory Pool: Code Cache (Non-heap memory): committed=2.44 MB, used=818.69 kB, max=48.00 MB, threshold=0.00 B
    Memory Pool: PS Eden Space (Heap memory): committed=31.50 MB, used=19.46 MB, max=648.00 MB, threshold=?
    Memory Pool: PS Survivor Space (Heap memory): committed=5.00 MB, used=2.95 MB, max=5.00 MB, threshold=?
    Memory Pool: PS Old Gen (Heap memory): committed=82.00 MB, used=171.86 kB, max=1.29 GB, threshold=0.00 B
    Memory Pool: PS Perm Gen (Non-heap memory): committed=21.00 MB, used=10.38 MB, max=82.00 MB, threshold=0.00 B
2015-04-04 02:29:13.899+0000 INFO  [org.neo4j]: Operating system information:
    Operating System: Windows 7; version: 6.1; arch: amd64; cpus: 4
    Process id: 984@manosahu-lap
    Byte order: LITTLE_ENDIAN
    Local timezone: Asia/Calcutta
2015-04-04 02:29:13.914+0000 INFO  [org.neo4j]: JVM information:
    VM Name: Java HotSpot(TM) 64-Bit Server VM
    VM Vendor: Oracle Corporation
    VM Version: 24.51-b03
    JIT compiler: HotSpot 64-Bit Tiered Compilers
    VM Arguments: []
2015-04-04 02:29:13.914+0000 INFO  [org.neo4j]: Java classpath:
     [classpath + loader.0] file:/C:/Users/manosahu.ORADEV/.m2/repository/org/neo4j/neo4j-cypher/1.9/neo4j-cypher-1.9.jar
     [loader.1] file:/C:/Program%20Files/Java/jdk1.7.0_51/jre/lib/ext/sunec.jar
     [loader.1] file:/C:/Program%20Files/Java/jdk1.7.0_51/jre/lib/ext/jaccess.jar
     [classpath + loader.0] file:/C:/Users/manosahu.ORADEV/.m2/repository/org/neo4j/neo4j-graph-algo/1.9/neo4j-graph-algo-1.9.jar
     [classpath + loader.0] file:/C:/Users/manosahu.ORADEV/.m2/repository/javax/validation/validation-api/1.1.0.Final/validation-api-1.1.0.Final.jar
     [classpath + loader.0] file:/C:/Users/manosahu.ORADEV/.m2/repository/commons-codec/commons-codec/1.5/commons-codec-1.5.jar
     [classpath + loader.0] file:/C:/Users/manosahu.ORADEV/.m2/repository/org/neo4j/neo4j-udc/1.9/neo4j-udc-1.9.jar
     [classpath + loader.0] file:/C:/Users/manosahu.ORADEV/.m2/repository/org/neo4j/neo4j-graph-matching/1.9/neo4j-graph-matching-1.9.jar
     [classpath + loader.0] file:/C:/Users/manosahu.ORADEV/.m2/repository/commons-logging/commons-logging/1.1.1/commons-logging-1.1.1.jar
     [classpath + loader.0] file:/C:/Users/manosahu.ORADEV/.m2/repository/org/aspectj/aspectjrt/1.6.11/aspectjrt-1.6.11.jar
     [bootstrap] C:\Program Files\Java\jdk1.7.0_51\jre\lib\jsse.jar
     [bootstrap] C:\Program Files\Java\jdk1.7.0_51\jre\lib\jfr.jar
     [classpath + loader.0] file:/C:/Users/manosahu.ORADEV/.m2/repository/aopalliance/aopalliance/1.0/aopalliance-1.0.jar
     [classpath + loader.0] file:/C:/Users/manosahu.ORADEV/.m2/repository/log4j/log4j/1.2.14/log4j-1.2.14.jar
     [bootstrap] C:\Program Files\Java\jdk1.7.0_51\jre\lib\sunrsasign.jar
     [classpath + loader.0] file:/C:/Users/manosahu.ORADEV/.m2/repository/org/springframework/spring-core/3.2.1.RELEASE/spring-core-3.2.1.RELEASE.jar
     [classpath + loader.0] file:/C:/Users/manosahu.ORADEV/.m2/repository/org/hamcrest/hamcrest-core/1.3/hamcrest-core-1.3.jar
     [classpath + loader.0] file:/D:/gitn/impensa/impensa-code/impensa-service/target/classes/
     [classpath + loader.0] file:/C:/Users/manosahu.ORADEV/.m2/repository/org/springframework/spring-context/3.2.1.RELEASE/spring-context-3.2.1.RELEASE.jar
     [classpath + loader.0] file:/C:/Users/manosahu.ORADEV/.m2/repository/org/springframework/data/spring-data-commons/1.5.0.RELEASE/spring-data-commons-1.5.0.RELEASE.jar
     [classpath + loader.0] file:/C:/Users/manosahu.ORADEV/.m2/repository/junit/junit/4.11/junit-4.11.jar
     [classpath + loader.0] file:/C:/Users/manosahu.ORADEV/.m2/repository/org/neo4j/neo4j-kernel/1.9/neo4j-kernel-1.9-tests.jar
     [classpath + loader.0] file:/C:/Users/manosahu.ORADEV/.m2/repository/org/springframework/spring-test/3.2.1.RELEASE/spring-test-3.2.1.RELEASE.jar
     [classpath + loader.0] file:/C:/Users/manosahu.ORADEV/.m2/repository/xml-apis/xml-apis/1.0.b2/xml-apis-1.0.b2.jar
     [classpath + loader.0] file:/C:/Users/manosahu.ORADEV/.m2/repository/org/apache/commons/commons-compress/1.4/commons-compress-1.4.jar
     [loader.1] file:/C:/Program%20Files/Java/jdk1.7.0_51/jre/lib/ext/localedata.jar
     [classpath + loader.0] file:/C:/Users/manosahu.ORADEV/.m2/repository/org/reflections/reflections/0.9.9-RC1/reflections-0.9.9-RC1.jar
     [classpath + loader.0] file:/C:/Users/manosahu.ORADEV/.m2/repository/org/neo4j/neo4j-kernel/1.9/neo4j-kernel-1.9.jar
     [classpath + loader.0] file:/C:/Users/manosahu.ORADEV/.m2/repository/org/springframework/spring-aspects/3.1.4.RELEASE/spring-aspects-3.1.4.RELEASE.jar
     [classpath + loader.0] file:/C:/Users/manosahu.ORADEV/.m2/repository/org/neo4j/neo4j/1.9/neo4j-1.9.jar
     [classpath + loader.0] file:/C:/Users/manosahu.ORADEV/.m2/repository/org/springframework/spring-expression/3.1.4.RELEASE/spring-expression-3.1.4.RELEASE.jar
     [classpath + loader.0] file:/C:/Users/manosahu.ORADEV/.m2/repository/asm/asm/3.3.1/asm-3.3.1.jar
     [loader.1] file:/C:/Program%20Files/Java/jdk1.7.0_51/jre/lib/ext/sunjce_provider.jar
     [loader.1] file:/C:/Program%20Files/Java/jdk1.7.0_51/jre/lib/ext/dnsns.jar
     [classpath + loader.0] file:/C:/Users/manosahu.ORADEV/.m2/repository/com/google/guava/guava/11.0.2/guava-11.0.2.jar
     [classpath + loader.0] file:/C:/Users/manosahu.ORADEV/.m2/repository/org/springframework/spring-beans/3.2.1.RELEASE/spring-beans-3.2.1.RELEASE.jar
     [bootstrap] C:\Program Files\Java\jdk1.7.0_51\jre\lib\charsets.jar
     [classpath + loader.0] file:/C:/Users/manosahu.ORADEV/.m2/repository/org/apache/ant/ant/1.9.4/ant-1.9.4.jar
     [bootstrap] C:\Program Files\Java\jdk1.7.0_51\jre\lib\resources.jar
     [classpath + loader.0] file:/C:/Users/manosahu.ORADEV/.m2/repository/com/google/code/findbugs/jsr305/1.3.9/jsr305-1.3.9.jar
     [classpath + loader.0] file:/C:/Users/manosahu.ORADEV/.m2/repository/org/springframework/spring-tx/3.1.4.RELEASE/spring-tx-3.1.4.RELEASE.jar
     [classpath + loader.0] file:/C:/Users/manosahu.ORADEV/.m2/repository/org/javassist/javassist/3.16.1-GA/javassist-3.16.1-GA.jar
     [loader.1] file:/C:/Program%20Files/Java/jdk1.7.0_51/jre/lib/ext/access-bridge-64.jar
     [classpath + loader.0] file:/C:/Users/manosahu.ORADEV/.m2/repository/org/slf4j/jcl-over-slf4j/1.7.1/jcl-over-slf4j-1.7.1.jar
     [classpath + loader.0] file:/C:/Users/manosahu.ORADEV/.m2/repository/org/apache/lucene/lucene-core/3.6.2/lucene-core-3.6.2.jar
     [classpath + loader.0] file:/C:/Users/manosahu.ORADEV/.m2/repository/org/apache/ant/ant-launcher/1.9.4/ant-launcher-1.9.4.jar
     [classpath + loader.0] file:/C:/Users/manosahu.ORADEV/.m2/repository/com/googlecode/concurrentlinkedhashmap/concurrentlinkedhashmap-lru/1.3.1/concurrentlinkedhashmap-lru-1.3.1.jar
     [bootstrap] C:\Program Files\Java\jdk1.7.0_51\jre\lib\rt.jar
     [classpath + loader.0] file:/C:/Users/manosahu.ORADEV/.m2/repository/org/apache/ant/ant-compress/1.2/ant-compress-1.2.jar
     [classpath + loader.0] file:/C:/Users/manosahu.ORADEV/.m2/repository/commons-io/commons-io/2.4/commons-io-2.4.jar
     [bootstrap] C:\Program Files\Java\jdk1.7.0_51\jre\lib\jce.jar
     [classpath + loader.0] file:/C:/Users/manosahu.ORADEV/.m2/repository/org/aspectj/aspectjweaver/1.6.11/aspectjweaver-1.6.11.jar
     [classpath + loader.0] file:/C:/Users/manosahu.ORADEV/.m2/repository/org/commons/commons-util/15.01/commons-util-15.01.jar
     [classpath + loader.0] file:/C:/Users/manosahu.ORADEV/.m2/repository/org/apache/poi/poi/3.10-FINAL/poi-3.10-FINAL.jar
     [classpath + loader.0] file:/C:/Users/manosahu.ORADEV/.m2/repository/org/springframework/spring-aop/3.2.1.RELEASE/spring-aop-3.2.1.RELEASE.jar
     [classpath + loader.0] file:/C:/Users/manosahu.ORADEV/.m2/repository/org/neo4j/neo4j-lucene-index/1.9/neo4j-lucene-index-1.9.jar
     [classpath + loader.0] file:/C:/Users/manosahu.ORADEV/.m2/repository/org/springframework/spring-context-support/3.1.4.RELEASE/spring-context-support-3.1.4.RELEASE.jar
     [classpath + loader.0] file:/C:/Users/manosahu.ORADEV/.m2/repository/org/tukaani/xz/1.0/xz-1.0.jar
     [loader.1] file:/C:/Program%20Files/Java/jdk1.7.0_51/jre/lib/ext/sunmscapi.jar
     [classpath + loader.0] file:/C:/Users/manosahu.ORADEV/.m2/repository/cglib/cglib/2.2.2/cglib-2.2.2.jar
     [classpath + loader.0] file:/C:/Users/manosahu.ORADEV/.m2/repository/org/apache/geronimo/specs/geronimo-jta_1.1_spec/1.1.1/geronimo-jta_1.1_spec-1.1.1.jar
     [classpath + loader.0] file:/C:/Users/manosahu.ORADEV/.m2/repository/org/neo4j/neo4j-cypher-dsl/1.9.M04/neo4j-cypher-dsl-1.9.M04.jar
     [loader.1] file:/C:/Program%20Files/Java/jdk1.7.0_51/jre/lib/ext/zipfs.jar
     [classpath + loader.0] file:/C:/Users/manosahu.ORADEV/.m2/repository/org/neo4j/neo4j-jmx/1.9/neo4j-jmx-1.9.jar
     [classpath + loader.0] file:/C:/Users/manosahu.ORADEV/.m2/repository/org/scala-lang/scala-library/2.10.0/scala-library-2.10.0.jar
     [bootstrap] C:\Program Files\Java\jdk1.7.0_51\jre\classes
     [classpath + loader.0] file:/C:/Users/manosahu.ORADEV/.m2/repository/org/springframework/data/spring-data-neo4j/2.2.0.RELEASE/spring-data-neo4j-2.2.0.RELEASE.jar
     [classpath + loader.0] file:/C:/Users/manosahu.ORADEV/.m2/repository/dom4j/dom4j/1.6.1/dom4j-1.6.1.jar
     [classpath + loader.0] file:/C:/Users/manosahu.ORADEV/.m2/repository/org/slf4j/slf4j-api/1.7.1/slf4j-api-1.7.1.jar
     [classpath + loader.0] file:/C:/Users/manosahu.ORADEV/.m2/repository/org/springframework/data/spring-data-neo4j-aspects/3.2.2.RELEASE/spring-data-neo4j-aspects-3.2.2.RELEASE.jar
2015-04-04 02:29:13.930+0000 INFO  [org.neo4j]: Library path:
    C:\Program Files\Java\jdk1.7.0_51\bin
    C:\Windows\Sun\Java\bin
    C:\Windows\System32
    C:\Windows
    C:\Python34
    C:\Python34\Scripts
    C:\ProgramData\Oracle\Java\javapath
    D:\orcl\app\oracle\product\10.2.0\server\BIN
    C:\Windows\System32
    C:\Windows
    C:\Windows\System32\wbem
    C:\Windows\System32\WindowsPowerShell\v1.0
    D:\svn\bin
    D:\software
    C:\Program Files (x86)\Git\cmd
    C:\Program Files (x86)\Git\bin
    C:\Program Files (x86)\gnuplot\bin
    C:\Program Files\nodejs
    C:\Program Files\NetBeans 8.0.1\java\maven\bin
    C:\Users\manosahu.ORADEV\AppData\Roaming\npm
    D:\gitn\impensa\impensa-code\impensa-service
2015-04-04 02:29:13.930+0000 INFO  [org.neo4j]: System.properties:
    sun.boot.library.path = C:\Program Files\Java\jdk1.7.0_51\jre\bin
    path.separator = ;
    file.encoding.pkg = sun.io
    user.country = US
    user.script = 
    sun.java.launcher = SUN_STANDARD
    sun.os.patch.level = Service Pack 1
    user.dir = D:\gitn\impensa\impensa-code\impensa-service
    user.variant = 
    sun.jnu.encoding = Cp1252
    sun.management.compiler = HotSpot 64-Bit Tiered Compilers
    user.home = C:\Users\manosahu.ORADEV
    user.timezone = Asia/Calcutta
    file.encoding = Cp1252
    user.name = manosahu
    sun.java.command = org.impensa.Main
    sun.arch.data.model = 64
    user.language = en
    awt.toolkit = sun.awt.windows.WToolkit
    file.separator = \
    sun.io.unicode.encoding = UnicodeLittle
    sun.cpu.endian = little
    sun.desktop = windows
    sun.cpu.isalist = amd64
2015-04-04 02:29:13.930+0000 INFO  [org.neo4j]: Network information:
    Interface Software Loopback Interface 1:
        address: 127.0.0.1
        address: 0:0:0:0:0:0:0:1
    Interface WAN Miniport (SSTP):
    Interface WAN Miniport (L2TP):
    Interface WAN Miniport (PPTP):
    Interface WAN Miniport (PPPOE):
    Interface WAN Miniport (IPv6):
    Interface WAN Miniport (Network Monitor):
    Interface WAN Miniport (IP):
    Interface RAS Async Adapter:
    Interface WAN Miniport (IKEv2):
    Interface McAfee NDIS Intermediate Filter Miniport:
    Interface McAfee NDIS Intermediate Filter Miniport:
    Interface McAfee NDIS Intermediate Filter Miniport:
    Interface Intel(R) 82579LM Gigabit Network Connection:
    Interface Intel(R) 82579LM Gigabit Network Connection - McAfee NDIS Intermediate Filter Miniport:
    Interface Intel(R) Centrino(R) Advanced-N 6205:
    Interface Bluetooth Device (Personal Area Network):
    Interface Bluetooth Device (RFCOMM Protocol TDI):
    Interface Intel(R) Centrino(R) Advanced-N 6205 - McAfee NDIS Intermediate Filter Miniport:
    Interface null:
    Interface Cisco Systems VPN Adapter for 64-bit Windows:
    Interface null:
    Interface null:
    Interface Microsoft Virtual WiFi Miniport Adapter:
    Interface null:
    Interface null:
    Interface null:
    Interface null:
    Interface null:
    Interface null:
    Interface null:
    Interface null:
    Interface null:
    Interface null:
    Interface null:
    Interface null:
    Interface null:
    Interface null:
    Interface null:
    Interface null:
    Interface HSPADataCard USB Ethernet Driver (NDIS 6.20):
    Interface null:
    Interface null:
    Interface null:
    Interface null:
    Interface null:
    Interface null:
    Interface null:
    Interface null:
    Interface Wireless Ethernet Adapter FFE9:
    Interface null:
    Interface null:
    Interface null:
    Interface null:
    Interface null:
    Interface null:
    Interface null:
    Interface Cisco AnyConnect Secure Mobility Client Virtual Miniport Adapter for Windows x64:
    Interface null:
    Interface null:
    Interface null:
    Interface null:
    Interface null:
    Interface null:
    Interface null:
    Interface null:
    Interface null:
    Interface VirtualBox Host-Only Ethernet Adapter:
        address: 192.168.56.1
    Interface null:
    Interface null:
    Interface null:
    Interface null:
    Interface null:
    Interface null:
    Interface null:
    Interface null:
    Interface null:
    Interface null:
    Interface null:
    Interface null:
    Interface HSPADataCard USB Ethernet Driver (NDIS 6.20) - VirtualBox Bridged Networking Driver Miniport:
    Interface null:
    Interface null:
    Interface Cisco Systems VPN Adapter for 64-bit Windows - VirtualBox Bridged Networking Driver Miniport:
    Interface null:
    Interface Intel(R) 82579LM Gigabit Network Connection - VirtualBox Bridged Networking Driver Miniport:
    Interface Intel(R) Centrino(R) Advanced-N 6205 - VirtualBox Bridged Networking Driver Miniport:
    Interface Microsoft Virtual WiFi Miniport Adapter - VirtualBox Bridged Networking Driver Miniport:
    Interface Cisco AnyConnect Secure Mobility Client Virtual Miniport Adapter for Windows x64 - VirtualBox Bridged Networking Driver Miniport:
    Interface Intel(R) Centrino(R) Advanced-N 6205-Virtual WiFi Filter Driver-0000:
    Interface WAN Miniport (Network Monitor)-QoS Packet Scheduler-0000:
    Interface WAN Miniport (IP)-Deterministic Network Enhancer-0000:
    Interface WAN Miniport (IP)-QoS Packet Scheduler-0000:
    Interface WAN Miniport (IPv6)-Deterministic Network Enhancer-0000:
    Interface WAN Miniport (IPv6)-QoS Packet Scheduler-0000:
    Interface VirtualBox Host-Only Ethernet Adapter-Deterministic Network Enhancer-0000:
    Interface VirtualBox Host-Only Ethernet Adapter-QoS Packet Scheduler-0000:
    Interface VirtualBox Host-Only Ethernet Adapter-WFP LightWeight Filter-0000:
    Interface Intel(R) Centrino(R) Advanced-N 6205 - VirtualBox Bridged Networking Driver Miniport-Deterministic Network Enhancer-0000:
    Interface Intel(R) Centrino(R) Advanced-N 6205 - VirtualBox Bridged Networking Driver Miniport-QoS Packet Scheduler-0000:
    Interface Intel(R) Centrino(R) Advanced-N 6205 - VirtualBox Bridged Networking Driver Miniport-WFP LightWeight Filter-0000:
    Interface Intel(R) Centrino(R) Advanced-N 6205-Native WiFi Filter Driver-0000:
    Interface Microsoft Virtual WiFi Miniport Adapter - VirtualBox Bridged Networking Driver Miniport-Deterministic Network Enhancer-0000:
    Interface Microsoft Virtual WiFi Miniport Adapter - VirtualBox Bridged Networking Driver Miniport-QoS Packet Scheduler-0000:
    Interface Microsoft Virtual WiFi Miniport Adapter - VirtualBox Bridged Networking Driver Miniport-WFP LightWeight Filter-0000:
    Interface Microsoft Virtual WiFi Miniport Adapter-Native WiFi Filter Driver-0000:
    Interface Intel(R) 82579LM Gigabit Network Connection - VirtualBox Bridged Networking Driver Miniport-Deterministic Network Enhancer-0000:
    Interface Intel(R) 82579LM Gigabit Network Connection - VirtualBox Bridged Networking Driver Miniport-QoS Packet Scheduler-0000:
    Interface Intel(R) 82579LM Gigabit Network Connection - VirtualBox Bridged Networking Driver Miniport-WFP LightWeight Filter-0000:
    Interface Wireless Ethernet Adapter FFE9-Deterministic Network Enhancer-0000:
    Interface Reliance Netconnect+:
        address: 101.63.216.177
2015-04-04 02:29:14.616+0000 INFO  [org.neo4j]: --- INITIALIZED diagnostics END ---
2015-04-04 02:29:14.788+0000 INFO  [org.neo4j]: Creating new db @ .\db\main\neostore
2015-04-04 02:29:14.819+0000 INFO  [org.neo4j]: [.\db\main\neostore.nodestore.db] brickCount=0 brickSize=304083b mappedMem=30408704b (storeSize=0b)
2015-04-04 02:29:14.819+0000 INFO  [org.neo4j]: .\db\main\neostore.nodestore.db hit=1 miss=0 switches=0 ooe=0
2015-04-04 02:29:14.882+0000 INFO  [org.neo4j]: [.\db\main\neostore.relationshiptypestore.db.names] brickCount=0 brickSize=0b mappedMem=0b (storeSize=38b)
2015-04-04 02:29:14.882+0000 INFO  [org.neo4j]: [.\db\main\neostore.relationshiptypestore.db] brickCount=0 brickSize=0b mappedMem=0b (storeSize=0b)
2015-04-04 02:29:14.897+0000 INFO  [org.neo4j]: .\db\main\neostore.relationshiptypestore.db.names hit=0 miss=0 switches=0 ooe=0
2015-04-04 02:29:14.897+0000 INFO  [org.neo4j]: .\db\main\neostore.relationshiptypestore.db hit=0 miss=0 switches=0 ooe=0
2015-04-04 02:29:14.897+0000 INFO  [org.neo4j]: [.\db\main\neostore.relationshiptypestore.db.names] brickCount=0 brickSize=0b mappedMem=0b (storeSize=38b)
2015-04-04 02:29:14.913+0000 INFO  [org.neo4j]: [.\db\main\neostore.relationshiptypestore.db] brickCount=0 brickSize=0b mappedMem=0b (storeSize=0b)
2015-04-04 02:29:14.913+0000 INFO  [org.neo4j]: [.\db\main\neostore.propertystore.db.strings] brickCount=0 brickSize=95360b mappedMem=95420416b (storeSize=128b)
2015-04-04 02:29:14.928+0000 INFO  [org.neo4j]: [.\db\main\neostore.propertystore.db.index.keys] brickCount=0 brickSize=0b mappedMem=0b (storeSize=38b)
2015-04-04 02:29:14.928+0000 INFO  [org.neo4j]: [.\db\main\neostore.propertystore.db.index] brickCount=0 brickSize=0b mappedMem=0b (storeSize=0b)
2015-04-04 02:29:14.944+0000 INFO  [org.neo4j]: [.\db\main\neostore.propertystore.db.arrays] brickCount=0 brickSize=107904b mappedMem=108003328b (storeSize=128b)
2015-04-04 02:29:14.944+0000 INFO  [org.neo4j]: [.\db\main\neostore.propertystore.db] brickCount=0 brickSize=1121965b mappedMem=112197632b (storeSize=0b)
2015-04-04 02:29:14.960+0000 INFO  [org.neo4j]: [.\db\main\neostore.relationshipstore.db] brickCount=0 brickSize=1373625b mappedMem=137363456b (storeSize=0b)
2015-04-04 02:29:14.960+0000 INFO  [org.neo4j]: [.\db\main\neostore.nodestore.db] brickCount=0 brickSize=30402b mappedMem=30408704b (storeSize=9b)
2015-04-04 02:29:14.975+0000 INFO  [org.neo4j]: [.\db\main\neostore] brickCount=0 brickSize=0b mappedMem=0b (storeSize=0b)
2015-04-04 02:29:14.975+0000 INFO  [org.neo4j]: .\db\main\neostore.relationshiptypestore.db.names hit=0 miss=0 switches=0 ooe=0
2015-04-04 02:29:14.975+0000 INFO  [org.neo4j]: .\db\main\neostore.relationshiptypestore.db hit=0 miss=0 switches=0 ooe=0
2015-04-04 02:29:14.975+0000 INFO  [org.neo4j]: .\db\main\neostore.propertystore.db.strings hit=0 miss=0 switches=0 ooe=0
2015-04-04 02:29:14.991+0000 INFO  [org.neo4j]: .\db\main\neostore.propertystore.db.index.keys hit=0 miss=0 switches=0 ooe=0
2015-04-04 02:29:14.991+0000 INFO  [org.neo4j]: .\db\main\neostore.propertystore.db.index hit=0 miss=0 switches=0 ooe=0
2015-04-04 02:29:14.991+0000 INFO  [org.neo4j]: .\db\main\neostore.propertystore.db.arrays hit=0 miss=0 switches=0 ooe=0
2015-04-04 02:29:14.991+0000 INFO  [org.neo4j]: .\db\main\neostore.propertystore.db hit=0 miss=0 switches=0 ooe=0
2015-04-04 02:29:15.006+0000 INFO  [org.neo4j]: .\db\main\neostore.relationshipstore.db hit=0 miss=0 switches=0 ooe=0
2015-04-04 02:29:15.006+0000 INFO  [org.neo4j]: .\db\main\neostore.nodestore.db hit=0 miss=0 switches=0 ooe=0
2015-04-04 02:29:15.006+0000 INFO  [org.neo4j]: .\db\main\neostore hit=0 miss=8 switches=0 ooe=0
2015-04-04 02:29:15.022+0000 INFO  [org.neo4j]: [.\db\main\neostore.relationshiptypestore.db.names] brickCount=0 brickSize=0b mappedMem=0b (storeSize=38b)
2015-04-04 02:29:15.022+0000 INFO  [org.neo4j]: [.\db\main\neostore.relationshiptypestore.db] brickCount=0 brickSize=0b mappedMem=0b (storeSize=0b)
2015-04-04 02:29:15.022+0000 INFO  [org.neo4j]: [.\db\main\neostore.propertystore.db.strings] brickCount=0 brickSize=95360b mappedMem=95420416b (storeSize=128b)
2015-04-04 02:29:15.038+0000 INFO  [org.neo4j]: [.\db\main\neostore.propertystore.db.index.keys] brickCount=0 brickSize=0b mappedMem=0b (storeSize=38b)
2015-04-04 02:29:15.038+0000 INFO  [org.neo4j]: [.\db\main\neostore.propertystore.db.index] brickCount=0 brickSize=0b mappedMem=0b (storeSize=0b)
2015-04-04 02:29:15.053+0000 INFO  [org.neo4j]: [.\db\main\neostore.propertystore.db.arrays] brickCount=0 brickSize=107904b mappedMem=108003328b (storeSize=128b)
2015-04-04 02:29:15.053+0000 INFO  [org.neo4j]: [.\db\main\neostore.propertystore.db] brickCount=0 brickSize=1121965b mappedMem=112197632b (storeSize=0b)
2015-04-04 02:29:15.053+0000 INFO  [org.neo4j]: [.\db\main\neostore.relationshipstore.db] brickCount=0 brickSize=1373625b mappedMem=137363456b (storeSize=0b)
2015-04-04 02:29:15.069+0000 INFO  [org.neo4j]: [.\db\main\neostore.nodestore.db] brickCount=0 brickSize=30402b mappedMem=30408704b (storeSize=9b)
2015-04-04 02:29:15.069+0000 INFO  [org.neo4j]: [.\db\main\neostore] brickCount=0 brickSize=0b mappedMem=0b (storeSize=54b)
2015-04-04 02:29:15.116+0000 INFO  [org.neo4j]: Opened logical log [.\db\main\nioneo_logical.log.1] version=0, lastTxId=1 (clean)
2015-04-04 02:29:15.116+0000 INFO  [org.neo4j]: TM new log: tm_tx_log.1
2015-04-04 02:29:15.162+0000 INFO  [org.neo4j]: Opened logical log [.\db\main\index\lucene.log.1] version=0, lastTxId=1 (clean)
2015-04-04 02:29:15.162+0000 INFO  [org.neo4j]: --- STARTED diagnostics for KernelDiagnostics:Versions START ---
2015-04-04 02:29:15.162+0000 INFO  [org.neo4j]: Graph Database: org.neo4j.kernel.EmbeddedGraphDatabase StoreId[time:1428114554788, id:-2808788001225087342, store version: 13561656364791302]
2015-04-04 02:29:15.162+0000 INFO  [org.neo4j]: Kernel version: Neo4j - Graph Database Kernel 1.9
2015-04-04 02:29:15.162+0000 INFO  [org.neo4j]: Neo4j component versions:
2015-04-04 02:29:15.162+0000 INFO  [org.neo4j]:   Neo4j - Graph Database Kernel 1.9
2015-04-04 02:29:15.162+0000 INFO  [org.neo4j]: --- STARTED diagnostics for KernelDiagnostics:Versions END ---
2015-04-04 02:29:15.162+0000 INFO  [org.neo4j]: --- STARTED diagnostics for NEO_STORE_VERSIONS START ---
2015-04-04 02:29:15.162+0000 INFO  [org.neo4j]: Store versions:
    Store versions:
      NeoStore v0.A.0
      NodeStore v0.A.0
      RelationshipStore v0.A.0
      RelationshipTypeStore v0.A.0
      PropertyStore v0.A.0
      PropertyIndexStore v0.A.0
      StringPropertyStore v0.A.0
      ArrayPropertyStore v0.A.0
2015-04-04 02:29:15.162+0000 INFO  [org.neo4j]: --- STARTED diagnostics for NEO_STORE_VERSIONS END ---
2015-04-04 02:29:15.162+0000 INFO  [org.neo4j]: --- STARTED diagnostics for NEO_STORE_ID_USAGE START ---
2015-04-04 02:29:15.162+0000 INFO  [org.neo4j]: Id usage:
    Id usage:
      NodeStore: used=1 high=0
      RelationshipStore: used=0 high=-1
      RelationshipTypeStore: used=0 high=-1
      PropertyStore: used=0 high=-1
      PropertyIndexStore: used=0 high=-1
      StringPropertyStore: used=1 high=0
      ArrayPropertyStore: used=1 high=0
2015-04-04 02:29:15.162+0000 INFO  [org.neo4j]: --- STARTED diagnostics for NEO_STORE_ID_USAGE END ---
2015-04-04 02:29:15.162+0000 INFO  [org.neo4j]: --- STARTED diagnostics for PERSISTENCE_WINDOW_POOL_STATS START ---
2015-04-04 02:29:15.162+0000 INFO  [org.neo4j]: --- STARTED diagnostics for PERSISTENCE_WINDOW_POOL_STATS END ---
2015-04-04 02:29:15.178+0000 INFO  [org.neo4j]: --- STARTED diagnostics for KernelDiagnostics:StoreFiles START ---
2015-04-04 02:29:15.178+0000 INFO  [org.neo4j]: Disk space on partition (Total / Free / Free %): 246594662400 / 138172547072 / 56
Storage files: (filename : modification date - size)
      active_tx_log: 2015-04-04T07:59:15+0530 - 11.00 B
      index:
        lucene-store.db: 2015-04-04T07:59:15+0530 - 40.00 B
        lucene.log.1: 2015-04-04T07:59:15+0530 - 16.00 B
        lucene.log.active: 2015-04-04T07:59:15+0530 - 4.00 B
      - Total: 2015-04-04T07:59:15+0530 - 60.00 B
      lock: 2015-04-04T07:59:14+0530 - 0.00 B
      messages.log: 2015-04-04T07:59:13+0530 - 24.88 kB
      neostore: 2015-04-04T07:59:15+0530 - 54.00 B
      neostore.id: 2015-04-04T07:59:15+0530 - 9.00 B
      neostore.nodestore.db: 2015-04-04T07:59:15+0530 - 9.00 B
      neostore.nodestore.db.id: 2015-04-04T07:59:15+0530 - 9.00 B
      neostore.propertystore.db: 2015-04-04T07:59:15+0530 - 0.00 B
      neostore.propertystore.db.arrays: 2015-04-04T07:59:15+0530 - 128.00 B
      neostore.propertystore.db.arrays.id: 2015-04-04T07:59:14+0530 - 9.00 B
      neostore.propertystore.db.id: 2015-04-04T07:59:14+0530 - 9.00 B
      neostore.propertystore.db.index: 2015-04-04T07:59:15+0530 - 0.00 B
      neostore.propertystore.db.index.id: 2015-04-04T07:59:14+0530 - 9.00 B
      neostore.propertystore.db.index.keys: 2015-04-04T07:59:15+0530 - 38.00 B
      neostore.propertystore.db.index.keys.id: 2015-04-04T07:59:14+0530 - 9.00 B
      neostore.propertystore.db.strings: 2015-04-04T07:59:15+0530 - 128.00 B
      neostore.propertystore.db.strings.id: 2015-04-04T07:59:14+0530 - 9.00 B
      neostore.relationshipstore.db: 2015-04-04T07:59:15+0530 - 0.00 B
      neostore.relationshipstore.db.id: 2015-04-04T07:59:15+0530 - 9.00 B
      neostore.relationshiptypestore.db: 2015-04-04T07:59:15+0530 - 0.00 B
      neostore.relationshiptypestore.db.id: 2015-04-04T07:59:14+0530 - 9.00 B
      neostore.relationshiptypestore.db.names: 2015-04-04T07:59:15+0530 - 38.00 B
      neostore.relationshiptypestore.db.names.id: 2015-04-04T07:59:14+0530 - 9.00 B
      nioneo_logical.log.1: 2015-04-04T07:59:15+0530 - 16.00 B
      nioneo_logical.log.active: 2015-04-04T07:59:15+0530 - 4.00 B
      store_lock: 2015-04-04T07:59:14+0530 - 0.00 B
      tm_tx_log.1: 2015-04-04T07:59:15+0530 - 0.00 B
2015-04-04 02:30:33.129+0000 INFO  [org.neo4j]: --- INITIALIZED diagnostics START ---
2015-04-04 02:30:33.145+0000 INFO  [org.neo4j]: Neo4j Kernel properties:
    neostore.propertystore.db.mapped_memory=107M
    neostore.nodestore.db.mapped_memory=29M
    neostore.relationshipstore.db.mapped_memory=131M
    neostore.propertystore.db.strings.mapped_memory=91M
    store_dir=./db/main/
    neostore.propertystore.db.arrays.mapped_memory=103M
    ephemeral=false
2015-04-04 02:30:33.145+0000 INFO  [org.neo4j]: Diagnostics providers:
    org.neo4j.kernel.configuration.Config
    org.neo4j.kernel.info.DiagnosticsManager
    SYSTEM_MEMORY
    JAVA_MEMORY
    OPERATING_SYSTEM
    JAVA_VIRTUAL_MACHINE
    CLASSPATH
    LIBRARY_PATH
    SYSTEM_PROPERTIES
    NETWORK
2015-04-04 02:30:33.145+0000 INFO  [org.neo4j]: System memory information:
    Total Physical memory: 7.70 GB
    Free Physical memory: 4.20 GB
    Committed virtual memory: 284.36 MB
    Total swap space: 15.41 GB
    Free swap space: 10.49 GB
2015-04-04 02:30:33.145+0000 INFO  [org.neo4j]: JVM memory information:
    Free  memory: 95.85 MB
    Total memory: 118.50 MB
    Max   memory: 1.71 GB
    Garbage Collector: PS Scavenge: [PS Eden Space, PS Survivor Space]
    Garbage Collector: PS MarkSweep: [PS Eden Space, PS Survivor Space, PS Old Gen, PS Perm Gen]
    Memory Pool: Code Cache (Non-heap memory): committed=2.44 MB, used=771.56 kB, max=48.00 MB, threshold=0.00 B
    Memory Pool: PS Eden Space (Heap memory): committed=31.50 MB, used=19.50 MB, max=648.00 MB, threshold=?
    Memory Pool: PS Survivor Space (Heap memory): committed=5.00 MB, used=2.98 MB, max=5.00 MB, threshold=?
    Memory Pool: PS Old Gen (Heap memory): committed=82.00 MB, used=179.86 kB, max=1.29 GB, threshold=0.00 B
    Memory Pool: PS Perm Gen (Non-heap memory): committed=21.00 MB, used=10.38 MB, max=82.00 MB, threshold=0.00 B
2015-04-04 02:30:33.145+0000 INFO  [org.neo4j]: Operating system information:
    Operating System: Windows 7; version: 6.1; arch: amd64; cpus: 4
    Process id: 6680@manosahu-lap
    Byte order: LITTLE_ENDIAN
    Local timezone: Asia/Calcutta
2015-04-04 02:30:33.160+0000 INFO  [org.neo4j]: JVM information:
    VM Name: Java HotSpot(TM) 64-Bit Server VM
    VM Vendor: Oracle Corporation
    VM Version: 24.51-b03
    JIT compiler: HotSpot 64-Bit Tiered Compilers
    VM Arguments: []
2015-04-04 02:30:33.160+0000 INFO  [org.neo4j]: Java classpath:
     [classpath + loader.0] file:/C:/Users/manosahu.ORADEV/.m2/repository/org/neo4j/neo4j-cypher/1.9/neo4j-cypher-1.9.jar
     [loader.1] file:/C:/Program%20Files/Java/jdk1.7.0_51/jre/lib/ext/sunec.jar
     [loader.1] file:/C:/Program%20Files/Java/jdk1.7.0_51/jre/lib/ext/jaccess.jar
     [classpath + loader.0] file:/C:/Users/manosahu.ORADEV/.m2/repository/org/neo4j/neo4j-graph-algo/1.9/neo4j-graph-algo-1.9.jar
     [classpath + loader.0] file:/C:/Users/manosahu.ORADEV/.m2/repository/javax/validation/validation-api/1.1.0.Final/validation-api-1.1.0.Final.jar
     [classpath + loader.0] file:/C:/Users/manosahu.ORADEV/.m2/repository/commons-codec/commons-codec/1.5/commons-codec-1.5.jar
     [classpath + loader.0] file:/C:/Users/manosahu.ORADEV/.m2/repository/org/neo4j/neo4j-udc/1.9/neo4j-udc-1.9.jar
     [classpath + loader.0] file:/C:/Users/manosahu.ORADEV/.m2/repository/org/neo4j/neo4j-graph-matching/1.9/neo4j-graph-matching-1.9.jar
     [classpath + loader.0] file:/C:/Users/manosahu.ORADEV/.m2/repository/commons-logging/commons-logging/1.1.1/commons-logging-1.1.1.jar
     [classpath + loader.0] file:/C:/Users/manosahu.ORADEV/.m2/repository/org/aspectj/aspectjrt/1.6.11/aspectjrt-1.6.11.jar
     [bootstrap] C:\Program Files\Java\jdk1.7.0_51\jre\lib\jsse.jar
     [bootstrap] C:\Program Files\Java\jdk1.7.0_51\jre\lib\jfr.jar
     [classpath + loader.0] file:/C:/Users/manosahu.ORADEV/.m2/repository/aopalliance/aopalliance/1.0/aopalliance-1.0.jar
     [classpath + loader.0] file:/C:/Users/manosahu.ORADEV/.m2/repository/log4j/log4j/1.2.14/log4j-1.2.14.jar
     [bootstrap] C:\Program Files\Java\jdk1.7.0_51\jre\lib\sunrsasign.jar
     [classpath + loader.0] file:/C:/Users/manosahu.ORADEV/.m2/repository/org/springframework/spring-core/3.2.1.RELEASE/spring-core-3.2.1.RELEASE.jar
     [classpath + loader.0] file:/C:/Users/manosahu.ORADEV/.m2/repository/org/hamcrest/hamcrest-core/1.3/hamcrest-core-1.3.jar
     [classpath + loader.0] file:/D:/gitn/impensa/impensa-code/impensa-service/target/classes/
     [classpath + loader.0] file:/C:/Users/manosahu.ORADEV/.m2/repository/org/springframework/spring-context/3.2.1.RELEASE/spring-context-3.2.1.RELEASE.jar
     [classpath + loader.0] file:/C:/Users/manosahu.ORADEV/.m2/repository/org/springframework/data/spring-data-commons/1.5.0.RELEASE/spring-data-commons-1.5.0.RELEASE.jar
     [classpath + loader.0] file:/C:/Users/manosahu.ORADEV/.m2/repository/junit/junit/4.11/junit-4.11.jar
     [classpath + loader.0] file:/C:/Users/manosahu.ORADEV/.m2/repository/org/neo4j/neo4j-kernel/1.9/neo4j-kernel-1.9-tests.jar
     [classpath + loader.0] file:/C:/Users/manosahu.ORADEV/.m2/repository/org/springframework/spring-test/3.2.1.RELEASE/spring-test-3.2.1.RELEASE.jar
     [classpath + loader.0] file:/C:/Users/manosahu.ORADEV/.m2/repository/xml-apis/xml-apis/1.0.b2/xml-apis-1.0.b2.jar
     [classpath + loader.0] file:/C:/Users/manosahu.ORADEV/.m2/repository/org/apache/commons/commons-compress/1.4/commons-compress-1.4.jar
     [loader.1] file:/C:/Program%20Files/Java/jdk1.7.0_51/jre/lib/ext/localedata.jar
     [classpath + loader.0] file:/C:/Users/manosahu.ORADEV/.m2/repository/org/reflections/reflections/0.9.9-RC1/reflections-0.9.9-RC1.jar
     [classpath + loader.0] file:/C:/Users/manosahu.ORADEV/.m2/repository/org/neo4j/neo4j-kernel/1.9/neo4j-kernel-1.9.jar
     [classpath + loader.0] file:/C:/Users/manosahu.ORADEV/.m2/repository/org/springframework/spring-aspects/3.1.4.RELEASE/spring-aspects-3.1.4.RELEASE.jar
     [classpath + loader.0] file:/C:/Users/manosahu.ORADEV/.m2/repository/org/neo4j/neo4j/1.9/neo4j-1.9.jar
     [classpath + loader.0] file:/C:/Users/manosahu.ORADEV/.m2/repository/org/springframework/spring-expression/3.1.4.RELEASE/spring-expression-3.1.4.RELEASE.jar
     [classpath + loader.0] file:/C:/Users/manosahu.ORADEV/.m2/repository/asm/asm/3.3.1/asm-3.3.1.jar
     [loader.1] file:/C:/Program%20Files/Java/jdk1.7.0_51/jre/lib/ext/sunjce_provider.jar
     [loader.1] file:/C:/Program%20Files/Java/jdk1.7.0_51/jre/lib/ext/dnsns.jar
     [classpath + loader.0] file:/C:/Users/manosahu.ORADEV/.m2/repository/com/google/guava/guava/11.0.2/guava-11.0.2.jar
     [classpath + loader.0] file:/C:/Users/manosahu.ORADEV/.m2/repository/org/springframework/spring-beans/3.2.1.RELEASE/spring-beans-3.2.1.RELEASE.jar
     [bootstrap] C:\Program Files\Java\jdk1.7.0_51\jre\lib\charsets.jar
     [classpath + loader.0] file:/C:/Users/manosahu.ORADEV/.m2/repository/org/apache/ant/ant/1.9.4/ant-1.9.4.jar
     [bootstrap] C:\Program Files\Java\jdk1.7.0_51\jre\lib\resources.jar
     [classpath + loader.0] file:/C:/Users/manosahu.ORADEV/.m2/repository/com/google/code/findbugs/jsr305/1.3.9/jsr305-1.3.9.jar
     [classpath + loader.0] file:/C:/Users/manosahu.ORADEV/.m2/repository/org/springframework/spring-tx/3.1.4.RELEASE/spring-tx-3.1.4.RELEASE.jar
     [classpath + loader.0] file:/C:/Users/manosahu.ORADEV/.m2/repository/org/javassist/javassist/3.16.1-GA/javassist-3.16.1-GA.jar
     [loader.1] file:/C:/Program%20Files/Java/jdk1.7.0_51/jre/lib/ext/access-bridge-64.jar
     [classpath + loader.0] file:/C:/Users/manosahu.ORADEV/.m2/repository/org/slf4j/jcl-over-slf4j/1.7.1/jcl-over-slf4j-1.7.1.jar
     [classpath + loader.0] file:/C:/Users/manosahu.ORADEV/.m2/repository/org/apache/lucene/lucene-core/3.6.2/lucene-core-3.6.2.jar
     [classpath + loader.0] file:/C:/Users/manosahu.ORADEV/.m2/repository/org/apache/ant/ant-launcher/1.9.4/ant-launcher-1.9.4.jar
     [classpath + loader.0] file:/C:/Users/manosahu.ORADEV/.m2/repository/com/googlecode/concurrentlinkedhashmap/concurrentlinkedhashmap-lru/1.3.1/concurrentlinkedhashmap-lru-1.3.1.jar
     [bootstrap] C:\Program Files\Java\jdk1.7.0_51\jre\lib\rt.jar
     [classpath + loader.0] file:/C:/Users/manosahu.ORADEV/.m2/repository/org/apache/ant/ant-compress/1.2/ant-compress-1.2.jar
     [classpath + loader.0] file:/C:/Users/manosahu.ORADEV/.m2/repository/commons-io/commons-io/2.4/commons-io-2.4.jar
     [bootstrap] C:\Program Files\Java\jdk1.7.0_51\jre\lib\jce.jar
     [classpath + loader.0] file:/C:/Users/manosahu.ORADEV/.m2/repository/org/aspectj/aspectjweaver/1.6.11/aspectjweaver-1.6.11.jar
     [classpath + loader.0] file:/C:/Users/manosahu.ORADEV/.m2/repository/org/commons/commons-util/15.01/commons-util-15.01.jar
     [classpath + loader.0] file:/C:/Users/manosahu.ORADEV/.m2/repository/org/apache/poi/poi/3.10-FINAL/poi-3.10-FINAL.jar
     [classpath + loader.0] file:/C:/Users/manosahu.ORADEV/.m2/repository/org/springframework/spring-aop/3.2.1.RELEASE/spring-aop-3.2.1.RELEASE.jar
     [classpath + loader.0] file:/C:/Users/manosahu.ORADEV/.m2/repository/org/neo4j/neo4j-lucene-index/1.9/neo4j-lucene-index-1.9.jar
     [classpath + loader.0] file:/C:/Users/manosahu.ORADEV/.m2/repository/org/springframework/spring-context-support/3.1.4.RELEASE/spring-context-support-3.1.4.RELEASE.jar
     [classpath + loader.0] file:/C:/Users/manosahu.ORADEV/.m2/repository/org/tukaani/xz/1.0/xz-1.0.jar
     [loader.1] file:/C:/Program%20Files/Java/jdk1.7.0_51/jre/lib/ext/sunmscapi.jar
     [classpath + loader.0] file:/C:/Users/manosahu.ORADEV/.m2/repository/cglib/cglib/2.2.2/cglib-2.2.2.jar
     [classpath + loader.0] file:/C:/Users/manosahu.ORADEV/.m2/repository/org/apache/geronimo/specs/geronimo-jta_1.1_spec/1.1.1/geronimo-jta_1.1_spec-1.1.1.jar
     [classpath + loader.0] file:/C:/Users/manosahu.ORADEV/.m2/repository/org/neo4j/neo4j-cypher-dsl/1.9.M04/neo4j-cypher-dsl-1.9.M04.jar
     [loader.1] file:/C:/Program%20Files/Java/jdk1.7.0_51/jre/lib/ext/zipfs.jar
     [classpath + loader.0] file:/C:/Users/manosahu.ORADEV/.m2/repository/org/neo4j/neo4j-jmx/1.9/neo4j-jmx-1.9.jar
     [classpath + loader.0] file:/C:/Users/manosahu.ORADEV/.m2/repository/org/scala-lang/scala-library/2.10.0/scala-library-2.10.0.jar
     [bootstrap] C:\Program Files\Java\jdk1.7.0_51\jre\classes
     [classpath + loader.0] file:/C:/Users/manosahu.ORADEV/.m2/repository/org/springframework/data/spring-data-neo4j/2.2.0.RELEASE/spring-data-neo4j-2.2.0.RELEASE.jar
     [classpath + loader.0] file:/C:/Users/manosahu.ORADEV/.m2/repository/dom4j/dom4j/1.6.1/dom4j-1.6.1.jar
     [classpath + loader.0] file:/C:/Users/manosahu.ORADEV/.m2/repository/org/slf4j/slf4j-api/1.7.1/slf4j-api-1.7.1.jar
     [classpath + loader.0] file:/C:/Users/manosahu.ORADEV/.m2/repository/org/springframework/data/spring-data-neo4j-aspects/3.2.2.RELEASE/spring-data-neo4j-aspects-3.2.2.RELEASE.jar
2015-04-04 02:30:33.176+0000 INFO  [org.neo4j]: Library path:
    C:\Program Files\Java\jdk1.7.0_51\bin
    C:\Windows\Sun\Java\bin
    C:\Windows\System32
    C:\Windows
    C:\Python34
    C:\Python34\Scripts
    C:\ProgramData\Oracle\Java\javapath
    D:\orcl\app\oracle\product\10.2.0\server\BIN
    C:\Windows\System32
    C:\Windows
    C:\Windows\System32\wbem
    C:\Windows\System32\WindowsPowerShell\v1.0
    D:\svn\bin
    D:\software
    C:\Program Files (x86)\Git\cmd
    C:\Program Files (x86)\Git\bin
    C:\Program Files (x86)\gnuplot\bin
    C:\Program Files\nodejs
    C:\Program Files\NetBeans 8.0.1\java\maven\bin
    C:\Users\manosahu.ORADEV\AppData\Roaming\npm
    D:\gitn\impensa\impensa-code\impensa-service
2015-04-04 02:30:33.176+0000 INFO  [org.neo4j]: System.properties:
    sun.boot.library.path = C:\Program Files\Java\jdk1.7.0_51\jre\bin
    path.separator = ;
    file.encoding.pkg = sun.io
    user.country = US
    user.script = 
    sun.java.launcher = SUN_STANDARD
    sun.os.patch.level = Service Pack 1
    user.dir = D:\gitn\impensa\impensa-code\impensa-service
    user.variant = 
    sun.jnu.encoding = Cp1252
    sun.management.compiler = HotSpot 64-Bit Tiered Compilers
    user.home = C:\Users\manosahu.ORADEV
    user.timezone = Asia/Calcutta
    file.encoding = Cp1252
    user.name = manosahu
    sun.java.command = org.impensa.Main
    sun.arch.data.model = 64
    user.language = en
    awt.toolkit = sun.awt.windows.WToolkit
    file.separator = \
    sun.io.unicode.encoding = UnicodeLittle
    sun.cpu.endian = little
    sun.desktop = windows
    sun.cpu.isalist = amd64
2015-04-04 02:30:33.176+0000 INFO  [org.neo4j]: Network information:
    Interface Software Loopback Interface 1:
        address: 127.0.0.1
        address: 0:0:0:0:0:0:0:1
    Interface WAN Miniport (SSTP):
    Interface WAN Miniport (L2TP):
    Interface WAN Miniport (PPTP):
    Interface WAN Miniport (PPPOE):
    Interface WAN Miniport (IPv6):
    Interface WAN Miniport (Network Monitor):
    Interface WAN Miniport (IP):
    Interface RAS Async Adapter:
    Interface WAN Miniport (IKEv2):
    Interface McAfee NDIS Intermediate Filter Miniport:
    Interface McAfee NDIS Intermediate Filter Miniport:
    Interface McAfee NDIS Intermediate Filter Miniport:
    Interface Intel(R) 82579LM Gigabit Network Connection:
    Interface Intel(R) 82579LM Gigabit Network Connection - McAfee NDIS Intermediate Filter Miniport:
    Interface Intel(R) Centrino(R) Advanced-N 6205:
    Interface Bluetooth Device (Personal Area Network):
    Interface Bluetooth Device (RFCOMM Protocol TDI):
    Interface Intel(R) Centrino(R) Advanced-N 6205 - McAfee NDIS Intermediate Filter Miniport:
    Interface null:
    Interface Cisco Systems VPN Adapter for 64-bit Windows:
    Interface null:
    Interface null:
    Interface Microsoft Virtual WiFi Miniport Adapter:
    Interface null:
    Interface null:
    Interface null:
    Interface null:
    Interface null:
    Interface null:
    Interface null:
    Interface null:
    Interface null:
    Interface null:
    Interface null:
    Interface null:
    Interface null:
    Interface null:
    Interface null:
    Interface null:
    Interface HSPADataCard USB Ethernet Driver (NDIS 6.20):
    Interface null:
    Interface null:
    Interface null:
    Interface null:
    Interface null:
    Interface null:
    Interface null:
    Interface null:
    Interface Wireless Ethernet Adapter FFE9:
    Interface null:
    Interface null:
    Interface null:
    Interface null:
    Interface null:
    Interface null:
    Interface null:
    Interface Cisco AnyConnect Secure Mobility Client Virtual Miniport Adapter for Windows x64:
    Interface null:
    Interface null:
    Interface null:
    Interface null:
    Interface null:
    Interface null:
    Interface null:
    Interface null:
    Interface null:
    Interface VirtualBox Host-Only Ethernet Adapter:
        address: 192.168.56.1
    Interface null:
    Interface null:
    Interface null:
    Interface null:
    Interface null:
    Interface null:
    Interface null:
    Interface null:
    Interface null:
    Interface null:
    Interface null:
    Interface null:
    Interface HSPADataCard USB Ethernet Driver (NDIS 6.20) - VirtualBox Bridged Networking Driver Miniport:
    Interface null:
    Interface null:
    Interface Cisco Systems VPN Adapter for 64-bit Windows - VirtualBox Bridged Networking Driver Miniport:
    Interface null:
    Interface Intel(R) 82579LM Gigabit Network Connection - VirtualBox Bridged Networking Driver Miniport:
    Interface Intel(R) Centrino(R) Advanced-N 6205 - VirtualBox Bridged Networking Driver Miniport:
    Interface Microsoft Virtual WiFi Miniport Adapter - VirtualBox Bridged Networking Driver Miniport:
    Interface Cisco AnyConnect Secure Mobility Client Virtual Miniport Adapter for Windows x64 - VirtualBox Bridged Networking Driver Miniport:
    Interface Intel(R) Centrino(R) Advanced-N 6205-Virtual WiFi Filter Driver-0000:
    Interface WAN Miniport (Network Monitor)-QoS Packet Scheduler-0000:
    Interface WAN Miniport (IP)-Deterministic Network Enhancer-0000:
    Interface WAN Miniport (IP)-QoS Packet Scheduler-0000:
    Interface WAN Miniport (IPv6)-Deterministic Network Enhancer-0000:
    Interface WAN Miniport (IPv6)-QoS Packet Scheduler-0000:
    Interface VirtualBox Host-Only Ethernet Adapter-Deterministic Network Enhancer-0000:
    Interface VirtualBox Host-Only Ethernet Adapter-QoS Packet Scheduler-0000:
    Interface VirtualBox Host-Only Ethernet Adapter-WFP LightWeight Filter-0000:
    Interface Intel(R) Centrino(R) Advanced-N 6205 - VirtualBox Bridged Networking Driver Miniport-Deterministic Network Enhancer-0000:
    Interface Intel(R) Centrino(R) Advanced-N 6205 - VirtualBox Bridged Networking Driver Miniport-QoS Packet Scheduler-0000:
    Interface Intel(R) Centrino(R) Advanced-N 6205 - VirtualBox Bridged Networking Driver Miniport-WFP LightWeight Filter-0000:
    Interface Intel(R) Centrino(R) Advanced-N 6205-Native WiFi Filter Driver-0000:
    Interface Microsoft Virtual WiFi Miniport Adapter - VirtualBox Bridged Networking Driver Miniport-Deterministic Network Enhancer-0000:
    Interface Microsoft Virtual WiFi Miniport Adapter - VirtualBox Bridged Networking Driver Miniport-QoS Packet Scheduler-0000:
    Interface Microsoft Virtual WiFi Miniport Adapter - VirtualBox Bridged Networking Driver Miniport-WFP LightWeight Filter-0000:
    Interface Microsoft Virtual WiFi Miniport Adapter-Native WiFi Filter Driver-0000:
    Interface Intel(R) 82579LM Gigabit Network Connection - VirtualBox Bridged Networking Driver Miniport-Deterministic Network Enhancer-0000:
    Interface Intel(R) 82579LM Gigabit Network Connection - VirtualBox Bridged Networking Driver Miniport-QoS Packet Scheduler-0000:
    Interface Intel(R) 82579LM Gigabit Network Connection - VirtualBox Bridged Networking Driver Miniport-WFP LightWeight Filter-0000:
    Interface Wireless Ethernet Adapter FFE9-Deterministic Network Enhancer-0000:
    Interface Reliance Netconnect+:
        address: 101.63.216.177
2015-04-04 02:30:33.784+0000 INFO  [org.neo4j]: --- INITIALIZED diagnostics END ---
2015-04-04 02:30:33.878+0000 INFO  [org.neo4j]: .\db\main\neostore.relationshiptypestore.db.names non clean shutdown detected
2015-04-04 02:30:33.894+0000 INFO  [org.neo4j]: [.\db\main\neostore.relationshiptypestore.db.names] brickCount=0 brickSize=0b mappedMem=0b (storeSize=38b)
2015-04-04 02:30:33.894+0000 INFO  [org.neo4j]: .\db\main\neostore.relationshiptypestore.db non clean shutdown detected
2015-04-04 02:30:33.894+0000 INFO  [org.neo4j]: [.\db\main\neostore.relationshiptypestore.db] brickCount=0 brickSize=0b mappedMem=0b (storeSize=0b)
2015-04-04 02:30:33.894+0000 INFO  [org.neo4j]: .\db\main\neostore.propertystore.db.strings non clean shutdown detected
2015-04-04 02:30:33.894+0000 INFO  [org.neo4j]: [.\db\main\neostore.propertystore.db.strings] brickCount=0 brickSize=95360b mappedMem=95420416b (storeSize=128b)
2015-04-04 02:30:33.894+0000 INFO  [org.neo4j]: .\db\main\neostore.propertystore.db.index.keys non clean shutdown detected
2015-04-04 02:30:33.894+0000 INFO  [org.neo4j]: [.\db\main\neostore.propertystore.db.index.keys] brickCount=0 brickSize=0b mappedMem=0b (storeSize=190b)
2015-04-04 02:30:33.894+0000 INFO  [org.neo4j]: .\db\main\neostore.propertystore.db.index non clean shutdown detected
2015-04-04 02:30:33.894+0000 INFO  [org.neo4j]: [.\db\main\neostore.propertystore.db.index] brickCount=0 brickSize=0b mappedMem=0b (storeSize=36b)
2015-04-04 02:30:33.909+0000 INFO  [org.neo4j]: .\db\main\neostore.propertystore.db.arrays non clean shutdown detected
2015-04-04 02:30:33.909+0000 INFO  [org.neo4j]: [.\db\main\neostore.propertystore.db.arrays] brickCount=0 brickSize=107904b mappedMem=108003328b (storeSize=128b)
2015-04-04 02:30:33.909+0000 INFO  [org.neo4j]: .\db\main\neostore.propertystore.db non clean shutdown detected
2015-04-04 02:30:33.909+0000 INFO  [org.neo4j]: [.\db\main\neostore.propertystore.db] brickCount=0 brickSize=1121965b mappedMem=112197632b (storeSize=0b)
2015-04-04 02:30:33.909+0000 INFO  [org.neo4j]: .\db\main\neostore.relationshipstore.db non clean shutdown detected
2015-04-04 02:30:33.909+0000 INFO  [org.neo4j]: [.\db\main\neostore.relationshipstore.db] brickCount=0 brickSize=1373625b mappedMem=137363456b (storeSize=0b)
2015-04-04 02:30:33.909+0000 INFO  [org.neo4j]: .\db\main\neostore.nodestore.db non clean shutdown detected
2015-04-04 02:30:33.909+0000 INFO  [org.neo4j]: [.\db\main\neostore.nodestore.db] brickCount=0 brickSize=30402b mappedMem=30408704b (storeSize=9b)
2015-04-04 02:30:33.925+0000 INFO  [org.neo4j]: .\db\main\neostore non clean shutdown detected
2015-04-04 02:30:33.925+0000 INFO  [org.neo4j]: [.\db\main\neostore] brickCount=0 brickSize=0b mappedMem=0b (storeSize=54b)
2015-04-04 02:30:33.940+0000 INFO  [org.neo4j]: Non clean shutdown detected on log [.\db\main\nioneo_logical.log.1]. Recovery started ...
2015-04-04 02:30:33.940+0000 INFO  [org.neo4j]: [.\db\main\nioneo_logical.log.1] logVersion=0 with committed tx=1
2015-04-04 02:30:33.956+0000 INFO  [org.neo4j]: [.\db\main\nioneo_logical.log.1] entries found=10 lastEntryPos=710
2015-04-04 02:30:33.956+0000 INFO  [org.neo4j]: Opened logical log [.\db\main\nioneo_logical.log.1] version=0, lastTxId=2 (recovered)
2015-04-04 02:30:33.956+0000 INFO  [org.neo4j]: XaResourceManager[nioneo_logical.log] sorting 1 xids
2015-04-04 02:30:33.956+0000 INFO  [org.neo4j]: XaResourceManager[nioneo_logical.log] checkRecoveryComplete 0 xids
2015-04-04 02:30:33.972+0000 INFO  [org.neo4j]: .\db\main\neostore.relationshiptypestore.db.names rebuild id generator, highId=1 defragged count=0
2015-04-04 02:30:34.003+0000 INFO  [org.neo4j]: .\db\main\neostore.propertystore.db.index.keys rebuild id generator, highId=5 defragged count=0
2015-04-04 02:30:34.003+0000 INFO  [org.neo4j]: .\db\main\neostore.propertystore.db.index rebuild id generator, highId=4 defragged count=0
2015-04-04 02:30:34.018+0000 INFO  [org.neo4j]: .\db\main\neostore.propertystore.db.strings rebuild id generator, highId=3 defragged count=0
2015-04-04 02:30:34.034+0000 INFO  [org.neo4j]: .\db\main\neostore.propertystore.db.arrays rebuild id generator, highId=1 defragged count=0
2015-04-04 02:30:34.299+0000 INFO  [org.neo4j]: .\db\main\neostore.propertystore.db rebuild id generator, highId=2 defragged count=0
2015-04-04 02:30:34.315+0000 INFO  [org.neo4j]: .\db\main\neostore.relationshipstore.db rebuild id generator, highId=1 defragged count=0
2015-04-04 02:30:34.346+0000 INFO  [org.neo4j]: .\db\main\neostore.nodestore.db rebuild id generator, highId=2 defragged count=0
2015-04-04 02:30:34.362+0000 INFO  [org.neo4j]: .\db\main\neostore rebuild id generator, highId=6 defragged count=0
2015-04-04 02:30:34.362+0000 INFO  [org.neo4j]: XaResourceManager[nioneo_logical.log] recovery completed.
2015-04-04 02:30:34.362+0000 INFO  [org.neo4j]: Recovery on log [.\db\main\nioneo_logical.log.1] completed.
2015-04-04 02:30:34.377+0000 INFO  [org.neo4j]: TM opening log: .\db\main\tm_tx_log.1
2015-04-04 02:30:34.408+0000 INFO  [org.neo4j]: Non clean shutdown detected on log [.\db\main\index\lucene.log.1]. Recovery started ...
2015-04-04 02:30:34.408+0000 INFO  [org.neo4j]: [.\db\main\index\lucene.log.1] logVersion=0 with committed tx=1
2015-04-04 02:30:34.611+0000 INFO  [org.neo4j]: [.\db\main\index\lucene.log.1] entries found=183 lastEntryPos=10211
2015-04-04 02:30:34.611+0000 INFO  [org.neo4j]: Opened logical log [.\db\main\index\lucene.log.1] version=0, lastTxId=45 (recovered)
2015-04-04 02:30:34.611+0000 INFO  [org.neo4j]: XaResourceManager[lucene.log] sorting 1 xids
2015-04-04 02:30:34.611+0000 INFO  [org.neo4j]: XaResourceManager[lucene.log] checkRecoveryComplete 0 xids
2015-04-04 02:30:34.611+0000 INFO  [org.neo4j]: XaResourceManager[lucene.log] recovery completed.
2015-04-04 02:30:34.611+0000 INFO  [org.neo4j]: Recovery on log [.\db\main\index\lucene.log.1] completed.
2015-04-04 02:30:34.611+0000 INFO  [org.neo4j]: Unresolved transactions found in .\db\main\tm_tx_log.1, recovery started... 
2015-04-04 02:30:34.627+0000 INFO  [org.neo4j]: Rotating [.\db\main\nioneo_logical.log.1] @ version=0 to .\db\main\nioneo_logical.log.2 from position 715
2015-04-04 02:30:34.627+0000 INFO  [org.neo4j]: Rotate: old log scanned, newLog @ pos=16
2015-04-04 02:30:34.642+0000 INFO  [org.neo4j]: Log rotated, newLog @ pos=16, version 1 and last tx 2
2015-04-04 02:30:34.814+0000 INFO  [org.neo4j]: Rotating [.\db\main\index\lucene.log.1] @ version=0 to .\db\main\index\lucene.log.2 from position 10216
2015-04-04 02:30:34.814+0000 INFO  [org.neo4j]: Rotate: old log scanned, newLog @ pos=16
2015-04-04 02:30:34.830+0000 INFO  [org.neo4j]: Log rotated, newLog @ pos=16, version 1 and last tx 45
2015-04-04 02:30:34.830+0000 INFO  [org.neo4j]: Recovery completed, all transactions have been resolved to a consistent state.
2015-04-04 02:30:34.830+0000 INFO  [org.neo4j]: --- STARTED diagnostics for KernelDiagnostics:Versions START ---
2015-04-04 02:30:34.830+0000 INFO  [org.neo4j]: Graph Database: org.neo4j.kernel.EmbeddedGraphDatabase StoreId[time:1428114554788, id:-2808788001225087342, store version: 13561656364791302]
2015-04-04 02:30:34.830+0000 INFO  [org.neo4j]: Kernel version: Neo4j - Graph Database Kernel 1.9
2015-04-04 02:30:34.830+0000 INFO  [org.neo4j]: Neo4j component versions:
2015-04-04 02:30:34.830+0000 INFO  [org.neo4j]:   Neo4j - Graph Database Kernel 1.9
2015-04-04 02:30:34.830+0000 INFO  [org.neo4j]: --- STARTED diagnostics for KernelDiagnostics:Versions END ---
2015-04-04 02:30:34.830+0000 INFO  [org.neo4j]: --- STARTED diagnostics for NEO_STORE_VERSIONS START ---
2015-04-04 02:30:34.830+0000 INFO  [org.neo4j]: Store versions:
    Store versions:
      NeoStore v0.A.0
      NodeStore v0.A.0
      RelationshipStore v0.A.0
      RelationshipTypeStore v0.A.0
      PropertyStore v0.A.0
      PropertyIndexStore v0.A.0
      StringPropertyStore v0.A.0
      ArrayPropertyStore v0.A.0
2015-04-04 02:30:34.830+0000 INFO  [org.neo4j]: --- STARTED diagnostics for NEO_STORE_VERSIONS END ---
2015-04-04 02:30:34.830+0000 INFO  [org.neo4j]: --- STARTED diagnostics for NEO_STORE_ID_USAGE START ---
2015-04-04 02:30:34.830+0000 INFO  [org.neo4j]: Id usage:
    Id usage:
      NodeStore: used=3378 high=3377
      RelationshipStore: used=1 high=0
      RelationshipTypeStore: used=0 high=-1
      PropertyStore: used=27365 high=27364
      PropertyIndexStore: used=4 high=3
      StringPropertyStore: used=745 high=744
      ArrayPropertyStore: used=1 high=0
2015-04-04 02:30:34.830+0000 INFO  [org.neo4j]: --- STARTED diagnostics for NEO_STORE_ID_USAGE END ---
2015-04-04 02:30:34.830+0000 INFO  [org.neo4j]: --- STARTED diagnostics for PERSISTENCE_WINDOW_POOL_STATS START ---
2015-04-04 02:30:34.830+0000 INFO  [org.neo4j]: --- STARTED diagnostics for PERSISTENCE_WINDOW_POOL_STATS END ---
2015-04-04 02:30:34.830+0000 INFO  [org.neo4j]: --- STARTED diagnostics for KernelDiagnostics:StoreFiles START ---
2015-04-04 02:30:34.830+0000 INFO  [org.neo4j]: Disk space on partition (Total / Free / Free %): 246594662400 / 138171232256 / 56
Storage files: (filename : modification date - size)
      active_tx_log: 2015-04-04T07:59:15+0530 - 11.00 B
      index:
        lucene:
          node:
            description:
              segments.gen: 2015-04-04T08:00:34+0530 - 20.00 B
              segments_1: 2015-04-04T08:00:34+0530 - 240.00 B
              write.lock: 2015-04-04T08:00:34+0530 - 0.00 B
              _0.fdt: 2015-04-04T08:00:34+0530 - 181.00 B
              _0.fdx: 2015-04-04T08:00:34+0530 - 12.00 B
              _0.fnm: 2015-04-04T08:00:34+0530 - 40.00 B
              _0.frq: 2015-04-04T08:00:34+0530 - 15.00 B
              _0.nrm: 2015-04-04T08:00:34+0530 - 7.00 B
              _0.prx: 2015-04-04T08:00:34+0530 - 15.00 B
              _0.tii: 2015-04-04T08:00:34+0530 - 35.00 B
              _0.tis: 2015-04-04T08:00:34+0530 - 247.00 B
            - Total: 2015-04-04T08:00:34+0530 - 812.00 B
            ExpenseTemplateEntity:
              segments.gen: 2015-04-04T08:00:34+0530 - 20.00 B
              segments_1: 2015-04-04T08:00:34+0530 - 240.00 B
              write.lock: 2015-04-04T08:00:34+0530 - 0.00 B
              _0.fdt: 2015-04-04T08:00:34+0530 - 19.00 B
              _0.fdx: 2015-04-04T08:00:34+0530 - 12.00 B
              _0.fnm: 2015-04-04T08:00:34+0530 - 22.00 B
              _0.frq: 2015-04-04T08:00:34+0530 - 2.00 B
              _0.nrm: 2015-04-04T08:00:34+0530 - 6.00 B
              _0.prx: 2015-04-04T08:00:34+0530 - 2.00 B
              _0.tii: 2015-04-04T08:00:34+0530 - 35.00 B
              _0.tis: 2015-04-04T08:00:34+0530 - 44.00 B
            - Total: 2015-04-04T08:00:34+0530 - 402.00 B
            name:
              segments.gen: 2015-04-04T08:00:34+0530 - 20.00 B
              segments_1: 2015-04-04T08:00:34+0530 - 240.00 B
              write.lock: 2015-04-04T08:00:34+0530 - 0.00 B
              _0.fdt: 2015-04-04T08:00:34+0530 - 77.00 B
              _0.fdx: 2015-04-04T08:00:34+0530 - 12.00 B
              _0.fnm: 2015-04-04T08:00:34+0530 - 26.00 B
              _0.frq: 2015-04-04T08:00:34+0530 - 6.00 B
              _0.nrm: 2015-04-04T08:00:34+0530 - 7.00 B
              _0.prx: 2015-04-04T08:00:34+0530 - 6.00 B
              _0.tii: 2015-04-04T08:00:34+0530 - 35.00 B
              _0.tis: 2015-04-04T08:00:34+0530 - 119.00 B
            - Total: 2015-04-04T08:00:34+0530 - 548.00 B
            __types__:
              segments.gen: 2015-04-04T08:00:34+0530 - 20.00 B
              segments_1: 2015-04-04T08:00:34+0530 - 240.00 B
              write.lock: 2015-04-04T08:00:34+0530 - 0.00 B
              _0.fdt: 2015-04-04T08:00:34+0530 - 55.00 B
              _0.fdx: 2015-04-04T08:00:34+0530 - 12.00 B
              _0.fnm: 2015-04-04T08:00:34+0530 - 23.00 B
              _0.frq: 2015-04-04T08:00:34+0530 - 2.00 B
              _0.nrm: 2015-04-04T08:00:34+0530 - 6.00 B
              _0.prx: 2015-04-04T08:00:34+0530 - 2.00 B
              _0.tii: 2015-04-04T08:00:34+0530 - 35.00 B
              _0.tis: 2015-04-04T08:00:34+0530 - 80.00 B
            - Total: 2015-04-04T08:00:34+0530 - 475.00 B
          - Total: 2015-04-04T07:59:21+0530 - 2.18 kB
        - Total: 2015-04-04T07:59:21+0530 - 2.18 kB
        lucene-store.db: 2015-04-04T07:59:15+0530 - 40.00 B
        lucene.log.2: 2015-04-04T08:00:34+0530 - 16.00 B
        lucene.log.active: 2015-04-04T08:00:34+0530 - 4.00 B
        lucene.log.v0: 2015-04-04T08:00:34+0530 - 9.98 kB
      - Total: 2015-04-04T08:00:34+0530 - 12.22 kB
      index.db: 2015-04-04T07:59:18+0530 - 5.20 kB
      lock: 2015-04-04T07:59:14+0530 - 0.00 B
      messages.log: 2015-04-04T08:00:34+0530 - 53.78 kB
      neostore: 2015-04-04T08:00:34+0530 - 54.00 B
      neostore.id: 2015-04-04T08:00:34+0530 - 9.00 B
      neostore.nodestore.db: 2015-04-04T08:00:34+0530 - 29.69 kB
      neostore.nodestore.db.id: 2015-04-04T08:00:34+0530 - 9.00 B
      neostore.propertystore.db: 2015-04-04T08:00:34+0530 - 1.07 MB
      neostore.propertystore.db.arrays: 2015-04-04T07:59:15+0530 - 128.00 B
      neostore.propertystore.db.arrays.id: 2015-04-04T08:00:34+0530 - 9.00 B
      neostore.propertystore.db.id: 2015-04-04T08:00:34+0530 - 9.00 B
      neostore.propertystore.db.index: 2015-04-04T08:00:33+0530 - 36.00 B
      neostore.propertystore.db.index.id: 2015-04-04T08:00:34+0530 - 9.00 B
      neostore.propertystore.db.index.keys: 2015-04-04T08:00:33+0530 - 190.00 B
      neostore.propertystore.db.index.keys.id: 2015-04-04T08:00:34+0530 - 9.00 B
      neostore.propertystore.db.strings: 2015-04-04T08:00:34+0530 - 93.13 kB
      neostore.propertystore.db.strings.id: 2015-04-04T08:00:34+0530 - 9.00 B
      neostore.relationshipstore.db: 2015-04-04T07:59:15+0530 - 0.00 B
      neostore.relationshipstore.db.id: 2015-04-04T08:00:34+0530 - 9.00 B
      neostore.relationshiptypestore.db: 2015-04-04T08:00:33+0530 - 0.00 B
      neostore.relationshiptypestore.db.id: 2015-04-04T08:00:33+0530 - 9.00 B
      neostore.relationshiptypestore.db.names: 2015-04-04T07:59:15+0530 - 38.00 B
      neostore.relationshiptypestore.db.names.id: 2015-04-04T08:00:33+0530 - 9.00 B
      nioneo_logical.log.2: 2015-04-04T08:00:34+0530 - 16.00 B
      nioneo_logical.log.active: 2015-04-04T08:00:34+0530 - 4.00 B
      nioneo_logical.log.v0: 2015-04-04T08:00:34+0530 - 715.00 B
      store_lock: 2015-04-04T07:59:14+0530 - 0.00 B
      tm_tx_log.1: 2015-04-04T08:00:34+0530 - 0.00 B
